#
# A fatal error has been detected by the Java Runtime Environment:
#
#  EXCEPTION_ACCESS_VIOLATION (0xc0000005) at pc=0x00007ff878227160, pid=13400, tid=13808
#
# JRE version: Java(TM) SE Runtime Environment (15.0.2+7) (build 15.0.2+7-27)
# Java VM: Java HotSpot(TM) 64-Bit Server VM (15.0.2+7-27, mixed mode, sharing, tiered, compressed oops, g1 gc, windows-amd64)
# Problematic frame:
# C  0x00007ff878227160
#
# No core dump will be written. Minidumps are not enabled by default on client versions of Windows
#
# If you would like to submit a bug report, please visit:
#   https://bugreport.java.com/bugreport/crash.jsp
# The crash happened outside the Java Virtual Machine in native code.
# See problematic frame for where to report the bug.
#

---------------  S U M M A R Y ------------

Command Line: -javaagent:C:\Program Files\JetBrains\IntelliJ IDEA 2020.3.3\lib\idea_rt.jar=64886:C:\Program Files\JetBrains\IntelliJ IDEA 2020.3.3\bin -Dfile.encoding=UTF-8 --module-path=C:\Users\user\Desktop\project-home\impl\target\classes;C:\Users\user\.m2\repository\org\controlsfx\controlsfx\11.1.0\controlsfx-11.1.0.jar;C:\Users\user\.m2\repository\org\openjfx\javafx-controls\16\javafx-controls-16.jar;C:\Users\user\.m2\repository\org\openjfx\javafx-controls\16\javafx-controls-16-win.jar;C:\Users\user\.m2\repository\org\openjfx\javafx-graphics\16\javafx-graphics-16.jar;C:\Users\user\.m2\repository\org\openjfx\javafx-graphics\16\javafx-graphics-16-win.jar;C:\Users\user\.m2\repository\org\openjfx\javafx-base\16\javafx-base-16.jar;C:\Users\user\.m2\repository\org\openjfx\javafx-base\16\javafx-base-16-win.jar;C:\Users\user\.m2\repository\org\openjfx\javafx-fxml\16\javafx-fxml-16.jar;C:\Users\user\.m2\repository\org\openjfx\javafx-fxml\16\javafx-fxml-16-win.jar;C:\Users\user\.m2\repository\org\openjfx\javafx-swing\17-ea+7\javafx-swing-17-ea+7.jar;C:\Users\user\.m2\repository\org\openjfx\javafx-swing\17-ea+7\javafx-swing-17-ea+7-win.jar;C:\Users\user\.m2\repository\mysql\mysql-connector-java\8.0.22\mysql-connector-java-8.0.22.jar;C:\Users\user\.m2\repository\com\google\protobuf\protobuf-java\3.11.4\protobuf-java-3.11.4.jar;C:\Users\user\.m2\repository\org\openjfx\javafx-media\16\javafx-media-16.jar;C:\Users\user\.m2\repository\org\openjfx\javafx-media\16\javafx-media-16-win.jar;C:\Users\user\.m2\repository\org\bytedeco\javacv\1.5.5\javacv-1.5.5.jar;C:\Users\user\.m2\repository\org\bytedeco\openblas\0.3.13-1.5.5\openblas-0.3.13-1.5.5.jar;C:\Users\user\.m2\repository\org\bytedeco\opencv\4.5.1-1.5.5\opencv-4.5.1-1.5.5.jar;C:\Users\user\.m2\repository\org\bytedeco\ffmpeg\4.3.2-1.5.5\ffmpeg-4.3.2-1.5.5.jar;C:\Users\user\.m2\repository\org\bytedeco\flycapture\2.13.3.31-1.5.5\flycapture-2.13.3.31-1.5.5.jar;C:\Users\user\.m2\repository\org\bytedeco\libdc1394\2.2.6-1.5.5\libdc1394-2.2.6-1.5.5.jar;C:\Users\user\.m2\repository\org\bytedeco\libfreenect\0.5.7-1.5.5\libfreenect-0.5.7-1.5.5.jar;C:\Users\user\.m2\repository\org\bytedeco\libfreenect2\0.2-Djdk.module.main=com.ceft.gestionparc.Controller com.ceft.gestionparc.Controller/com.ceft.gestionparc.Controller.App

Host: Intel(R) Core(TM) i3-6006U CPU @ 2.00GHz, 4 cores, 7G,  Windows 10 , 64 bit Build 19041 (10.0.19041.928)
Time: Fri Jun  4 00:43:42 2021 Afr. centrale Ouest elapsed time: 223.032855 seconds (0d 0h 3m 43s)

---------------  T H R E A D  ---------------

Current thread (0x0000024429573930):  JavaThread "pool-3-thread-1" [_thread_in_native, id=13808, stack(0x0000005933100000,0x0000005933200000)]

Stack: [0x0000005933100000,0x0000005933200000],  sp=0x00000059331fbe10,  free space=1007k
Native frames: (J=compiled Java code, j=interpreted, Vv=VM code, C=native code)
C  0x00007ff878227160

Java frames: (J=compiled Java code, j=interpreted, Vv=VM code)
j  com.openalpr.jni.Alpr.native_recognize([B)Ljava/lang/String;+0 com.ceft.gestionparc.Controller
j  com.openalpr.jni.Alpr.recognize([B)Lcom/openalpr/jni/AlprResults;+2 com.ceft.gestionparc.Controller
j  com.ceft.gestionparc.Controller.CameraListe.grabFrame()Lorg/opencv/core/Mat;+116 com.ceft.gestionparc.Controller
j  com.ceft.gestionparc.Controller.CameraListe$2.run()V+4 com.ceft.gestionparc.Controller
j  java.util.concurrent.Executors$RunnableAdapter.call()Ljava/lang/Object;+4 java.base@15.0.2
j  java.util.concurrent.FutureTask.runAndReset()Z+44 java.base@15.0.2
j  java.util.concurrent.ScheduledThreadPoolExecutor$ScheduledFutureTask.run()V+35 java.base@15.0.2
j  java.util.concurrent.ThreadPoolExecutor.runWorker(Ljava/util/concurrent/ThreadPoolExecutor$Worker;)V+92 java.base@15.0.2
j  java.util.concurrent.ThreadPoolExecutor$Worker.run()V+5 java.base@15.0.2
j  java.lang.Thread.run()V+11 java.base@15.0.2
v  ~StubRoutines::call_stub

siginfo: EXCEPTION_ACCESS_VIOLATION (0xc0000005), reading address 0xffffffffffffffff


Register to memory mapping:

RIP=0x00007ff878227160 points into unknown readable memory: 0x48d0af0f48016348 | 48 63 01 48 0f af d0 48
RAX=0x000000000ac0cb60 is an unknown value
RBX=0x000002442963b010 points into unknown readable memory: 0x81cfdbd0c3004466 | 66 44 00 c3 d0 db cf 81
RCX=0x208e360c0339cff2 is an unknown value
RDX=0x0000000000000001 is an unknown value
RSP=0x00000059331fbe10 is pointing into the stack for thread: 0x0000024429573930
RBP=0x00000059331fbf10 is pointing into the stack for thread: 0x0000024429573930
RSI=0x000002442963b198 points into unknown readable memory: 0x0ac0cb60ca085506 | 06 55 08 ca 60 cb c0 0a
RDI=0xffffffffffffffff is an unknown value
R8 =0x000000000ac0cb60 is an unknown value
R9 =0x0000000000000001 is an unknown value
R10=0x0000000000008000 is an unknown value
R11=0x00000059331fb9b0 is pointing into the stack for thread: 0x0000024429573930
R12=0x0000000000000008 is an unknown value
R13=0x0000000000000008 is an unknown value
R14=0x000002442963b148 points into unknown readable memory: 0x032d832820d6196c | 6c 19 d6 20 28 83 2d 03
R15=0x00000059331fcf00 is pointing into the stack for thread: 0x0000024429573930


Registers:
RAX=0x000000000ac0cb60, RBX=0x000002442963b010, RCX=0x208e360c0339cff2, RDX=0x0000000000000001
RSP=0x00000059331fbe10, RBP=0x00000059331fbf10, RSI=0x000002442963b198, RDI=0xffffffffffffffff
R8 =0x000000000ac0cb60, R9 =0x0000000000000001, R10=0x0000000000008000, R11=0x00000059331fb9b0
R12=0x0000000000000008, R13=0x0000000000000008, R14=0x000002442963b148, R15=0x00000059331fcf00
RIP=0x00007ff878227160, EFLAGS=0x0000000000010206

Top of Stack: (sp=0x00000059331fbe10)
0x00000059331fbe10:   000002442963b010 00000059331fbf10
0x00000059331fbe20:   0000000000000000 000002442963b010
0x00000059331fbe30:   0000005900000000 0000000000000000
0x00000059331fbe40:   0000024428fdc300 0000000000000100
0x00000059331fbe50:   0000000000000001 00000000000001cc
0x00000059331fbe60:   0000000000000000 0000024400000001
0x00000059331fbe70:   00000244303278d0 0000024427d00240
0x00000059331fbe80:   0000024427d00238 0000000000000000
0x00000059331fbe90:   0000024427f7b670 0000024427f7b760
0x00000059331fbea0:   0000024427f7b760 0000024427d00240
0x00000059331fbeb0:   0000783fa74bb51b 0000000000000000
0x00000059331fbec0:   00000000ffffffff 0000753100000001
0x00000059331fbed0:   00000059331fc320 0000000000000008
0x00000059331fbee0:   0000000000000008 0000000000000000
0x00000059331fbef0:   00000000ffffffff 00007ff8789a6cf0
0x00000059331fbf00:   00000059331fc010 00007ff878221a40 

Instructions: (pc=0x00007ff878227160)
0x00007ff878227060:   02 7f 25 41 83 7e 08 01 75 1e 41 81 7e 0c 31 75
0x00007ff878227070:   00 00 75 14 41 8b 06 25 ff 0f 00 00 83 f8 04 75
0x00007ff878227080:   07 49 83 7e 20 00 75 28 c7 45 b8 01 00 00 00 c7
0x00007ff878227090:   45 bc 31 75 00 00 89 74 24 20 41 b9 04 00 00 00
0x00007ff8782270a0:   4c 8d 45 b8 41 8d 51 fe 49 8b ce e8 20 ae ca ff
0x00007ff8782270b0:   66 0f 6f 05 e8 a9 4a 00 f3 0f 7f 85 90 00 00 00
0x00007ff8782270c0:   4c 8d 85 90 00 00 00 49 8b d6 48 8d 8d 50 03 00
0x00007ff8782270d0:   00 e8 0a 90 ca ff 90 0f 57 c0 0f 11 85 30 03 00
0x00007ff8782270e0:   00 0f 57 c9 0f 11 8d 40 03 00 00 c7 45 30 06 00
0x00007ff8782270f0:   02 c1 48 8d 85 30 03 00 00 48 89 45 38 c7 45 40
0x00007ff878227100:   01 00 00 00 c7 45 44 04 00 00 00 e8 20 04 c4 ff
0x00007ff878227110:   4c 8b c0 48 8d 55 30 48 8d 8d 50 03 00 00 e8 7d
0x00007ff878227120:   e1 ca ff 48 8d b3 88 01 00 00 48 83 7e 20 00 74
0x00007ff878227130:   45 8b 46 04 83 f8 02 7f 0e 48 63 56 0c 48 63 46
0x00007ff878227140:   08 48 0f af d0 eb 2a ba 01 00 00 00 85 c0 7e 21
0x00007ff878227150:   48 8b 4e 30 4c 8b c0 66 0f 1f 84 00 00 00 00 00
0x00007ff878227160:   48 63 01 48 0f af d0 48 8d 49 04 49 83 e8 01 75
0x00007ff878227170:   ef 48 85 d2 75 5f 48 8d 4b 28 48 8b d6 e8 3e 1b
0x00007ff878227180:   ff ff 48 8d 8b a0 00 00 00 48 8b 41 08 48 8d 93
0x00007ff878227190:   d8 01 00 00 48 39 01 74 07 e8 82 1c ff ff eb 09
0x00007ff8782271a0:   48 8d 4b 58 e8 f7 15 ff ff 48 8d 93 28 02 00 00
0x00007ff8782271b0:   48 8d 4b 70 e8 a7 14 ff ff 48 8d 8b 88 00 00 00
0x00007ff8782271c0:   48 8b 41 08 48 39 01 74 0c 48 8d 93 78 02 00 00
0x00007ff8782271d0:   e8 4b 13 ff ff 48 8b 4b 30 48 2b 4b 28 48 b8 ab
0x00007ff8782271e0:   aa aa aa aa aa aa 2a 48 f7 e9 48 8b fa 48 d1 ff
0x00007ff8782271f0:   48 8b c7 48 c1 e8 3f 48 03 f8 8b 44 24 58 85 c0
0x00007ff878227200:   0f 85 54 04 00 00 48 8d 8b b8 00 00 00 48 8d 55
0x00007ff878227210:   a8 e8 9a 1d ff ff 90 48 83 7d b0 00 0f 84 0f 04
0x00007ff878227220:   00 00 4c 8d bb c8 02 00 00 49 8b cf e8 8f 87 c5
0x00007ff878227230:   ff 84 c0 0f 84 44 01 00 00 33 c0 48 89 44 24 60
0x00007ff878227240:   48 89 44 24 68 8b 54 24 54 8b ca 0f af 4c 24 50
0x00007ff878227250:   8b 43 18 45 8b cd 45 8b c4 85 c9 74 70 c7 44 24 


Stack slot to memory mapping:
stack at sp + 0 slots: 0x000002442963b010 points into unknown readable memory: 0x81cfdbd0c3004466 | 66 44 00 c3 d0 db cf 81
stack at sp + 1 slots: 0x00000059331fbf10 is pointing into the stack for thread: 0x0000024429573930
stack at sp + 2 slots: 0x0 is NULL
stack at sp + 3 slots: 0x000002442963b010 points into unknown readable memory: 0x81cfdbd0c3004466 | 66 44 00 c3 d0 db cf 81
stack at sp + 4 slots: 0x0000005900000000 is an unknown value
stack at sp + 5 slots: 0x0 is NULL
stack at sp + 6 slots: 0x0000024428fdc300 points into unknown readable memory: 0x0000008300000016 | 16 00 00 00 83 00 00 00
stack at sp + 7 slots: 0x0000000000000100 is an unknown value


---------------  P R O C E S S  ---------------

Threads class SMR info:
_java_thread_list=0x000002442fc4f520, length=22, elements={
0x0000024408f772a0, 0x00000244270bf4e0, 0x00000244270c00b0, 0x00000244270d4270,
0x00000244270d6c40, 0x00000244270dc720, 0x00000244270dd500, 0x0000024427a63640,
0x000002442711e570, 0x000002442709fd20, 0x0000024427ed57c0, 0x0000024427f9f3f0,
0x00000244282bc940, 0x00000244283d9500, 0x0000024428273620, 0x00000244289c5f60,
0x00000244289cec30, 0x0000024428dbd030, 0x0000024428f414e0, 0x0000024428db8380,
0x0000024429573930, 0x000002442956d420
}

Java Threads: ( => current thread )
  0x0000024408f772a0 JavaThread "main" [_thread_blocked, id=14228, stack(0x0000005930800000,0x0000005930900000)]
  0x00000244270bf4e0 JavaThread "Reference Handler" daemon [_thread_blocked, id=10736, stack(0x0000005930f00000,0x0000005931000000)]
  0x00000244270c00b0 JavaThread "Finalizer" daemon [_thread_blocked, id=15236, stack(0x0000005931000000,0x0000005931100000)]
  0x00000244270d4270 JavaThread "Signal Dispatcher" daemon [_thread_blocked, id=16120, stack(0x0000005931100000,0x0000005931200000)]
  0x00000244270d6c40 JavaThread "Attach Listener" daemon [_thread_blocked, id=16376, stack(0x0000005931200000,0x0000005931300000)]
  0x00000244270dc720 JavaThread "Service Thread" daemon [_thread_blocked, id=14548, stack(0x0000005931300000,0x0000005931400000)]
  0x00000244270dd500 JavaThread "C2 CompilerThread0" daemon [_thread_blocked, id=11048, stack(0x0000005931400000,0x0000005931500000)]
  0x0000024427a63640 JavaThread "C1 CompilerThread0" daemon [_thread_blocked, id=14492, stack(0x0000005931500000,0x0000005931600000)]
  0x000002442711e570 JavaThread "Sweeper thread" daemon [_thread_blocked, id=13816, stack(0x0000005931600000,0x0000005931700000)]
  0x000002442709fd20 JavaThread "Common-Cleaner" daemon [_thread_blocked, id=13000, stack(0x0000005931700000,0x0000005931800000)]
  0x0000024427ed57c0 JavaThread "Monitor Ctrl-Break" daemon [_thread_in_native, id=14696, stack(0x0000005931b00000,0x0000005931c00000)]
  0x0000024427f9f3f0 JavaThread "Notification Thread" daemon [_thread_blocked, id=16324, stack(0x0000005931c00000,0x0000005931d00000)]
  0x00000244282bc940 JavaThread "QuantumRenderer-0" daemon [_thread_blocked, id=15444, stack(0x0000005931800000,0x0000005931900000)]
  0x00000244283d9500 JavaThread "InvokeLaterDispatcher" daemon [_thread_blocked, id=7156, stack(0x0000005931e00000,0x0000005931f00000)]
  0x0000024428273620 JavaThread "JavaFX Application Thread" [_thread_in_native, id=14500, stack(0x0000005931f00000,0x0000005932000000)]
  0x00000244289c5f60 JavaThread "Thread-1" daemon [_thread_in_native, id=13656, stack(0x0000005932300000,0x0000005932400000)]
  0x00000244289cec30 JavaThread "JavaFX-Launcher" [_thread_blocked, id=8748, stack(0x0000005932400000,0x0000005932500000)]
  0x0000024428dbd030 JavaThread "Prism Font Disposer" daemon [_thread_blocked, id=15848, stack(0x0000005932800000,0x0000005932900000)]
  0x0000024428f414e0 JavaThread "Cleaner-0" daemon [_thread_blocked, id=6772, stack(0x0000005932a00000,0x0000005932b00000)]
  0x0000024428db8380 JavaThread "mysql-cj-abandoned-connection-cleanup" daemon [_thread_blocked, id=7692, stack(0x0000005932900000,0x0000005932a00000)]
=>0x0000024429573930 JavaThread "pool-3-thread-1" [_thread_in_native, id=13808, stack(0x0000005933100000,0x0000005933200000)]
  0x000002442956d420 JavaThread "Java2D Disposer" daemon [_thread_blocked, id=15156, stack(0x0000005933300000,0x0000005933400000)]

Other Threads:
  0x00000244270b94a0 VMThread "VM Thread" [stack: 0x0000005930e00000,0x0000005930f00000] [id=2284]
  0x0000024408f783d0 WatcherThread [stack: 0x0000005931d00000,0x0000005931e00000] [id=1316]
  0x0000024408fb5dc0 GCTaskThread "GC Thread#0" [stack: 0x0000005930900000,0x0000005930a00000] [id=5056]
  0x00000244283f16a0 GCTaskThread "GC Thread#1" [stack: 0x0000005931900000,0x0000005931a00000] [id=15812]
  0x0000024427c825e0 GCTaskThread "GC Thread#2" [stack: 0x0000005931a00000,0x0000005931b00000] [id=15520]
  0x0000024428feee30 GCTaskThread "GC Thread#3" [stack: 0x0000005930500000,0x0000005930600000] [id=13672]
  0x0000024408fc68d0 ConcurrentGCThread "G1 Main Marker" [stack: 0x0000005930a00000,0x0000005930b00000] [id=3500]
  0x0000024408fc74c0 ConcurrentGCThread "G1 Conc#0" [stack: 0x0000005930b00000,0x0000005930c00000] [id=12668]
  0x000002440902e0d0 ConcurrentGCThread "G1 Refine#0" [stack: 0x0000005930c00000,0x0000005930d00000] [id=7080]
  0x0000024428eaf500 ConcurrentGCThread "G1 Refine#1" [stack: 0x0000005930600000,0x0000005930700000] [id=7500]
  0x0000024426f30090 ConcurrentGCThread "G1 Young RemSet Sampling" [stack: 0x0000005930d00000,0x0000005930e00000] [id=7028]

Threads with active compile tasks:

VM state: not at safepoint (normal execution)

VM Mutex/Monitor currently owned by a thread: None

Heap address: 0x0000000083200000, size: 1998 MB, Compressed Oops mode: 32-bit
CDS archive(s) mapped at: [0x0000000800000000-0x0000000800b50000-0x0000000800b50000), size 11862016, SharedBaseAddress: 0x0000000800000000, ArchiveRelocationMode: 0.
Compressed class space mapped at: 0x0000000800b50000-0x0000000840b50000, size: 1073741824
Narrow klass base: 0x0000000800000000, Narrow klass shift: 3, Narrow klass range: 0x100000000

GC Precious Log:
 CPUs: 4 total, 4 available
 Memory: 7989M
 Large Page Support: Disabled
 NUMA Support: Disabled
 Compressed Oops: Enabled (32-bit)
 Heap Region Size: 1M
 Heap Min Capacity: 8M
 Heap Initial Capacity: 126M
 Heap Max Capacity: 1998M
 Pre-touch: Disabled
 Parallel Workers: 4
 Concurrent Workers: 1
 Concurrent Refinement Workers: 4
 Periodic GC: Disabled

Heap:
 garbage-first heap   total 122880K, used 58000K [0x0000000083200000, 0x0000000100000000)
  region size 1024K, 5 young (5120K), 3 survivors (3072K)
 Metaspace       used 25466K, capacity 25802K, committed 25856K, reserved 1071104K
  class space    used 3203K, capacity 3325K, committed 3328K, reserved 1048576K

Heap Regions: E=young(eden), S=young(survivor), O=old, HS=humongous(starts), HC=humongous(continues), CS=collection set, F=free, OA=open archive, CA=closed archive, TAMS=top-at-mark-start (previous, next)
|   0|0x0000000083200000, 0x0000000083300000, 0x0000000083300000|100%|HS|  |TAMS 0x0000000083200000, 0x0000000083200000| Complete 
|   1|0x0000000083300000, 0x0000000083400000, 0x0000000083400000|100%|HC|  |TAMS 0x0000000083300000, 0x0000000083300000| Complete 
|   2|0x0000000083400000, 0x0000000083500000, 0x0000000083500000|100%|HS|  |TAMS 0x0000000083400000, 0x0000000083400000| Complete 
|   3|0x0000000083500000, 0x0000000083600000, 0x0000000083600000|100%|HC|  |TAMS 0x0000000083500000, 0x0000000083500000| Complete 
|   4|0x0000000083600000, 0x0000000083700000, 0x0000000083700000|100%|HS|  |TAMS 0x0000000083700000, 0x0000000083600000| Complete 
|   5|0x0000000083700000, 0x0000000083800000, 0x0000000083800000|100%|HC|  |TAMS 0x0000000083800000, 0x0000000083700000| Complete 
|   6|0x0000000083800000, 0x0000000083900000, 0x0000000083900000|100%|HC|  |TAMS 0x0000000083900000, 0x0000000083800000| Complete 
|   7|0x0000000083900000, 0x0000000083a00000, 0x0000000083a00000|100%|HS|  |TAMS 0x0000000083a00000, 0x0000000083900000| Complete 
|   8|0x0000000083a00000, 0x0000000083b00000, 0x0000000083b00000|100%|HC|  |TAMS 0x0000000083b00000, 0x0000000083a00000| Complete 
|   9|0x0000000083b00000, 0x0000000083c00000, 0x0000000083c00000|100%|HS|  |TAMS 0x0000000083c00000, 0x0000000083b00000| Complete 
|  10|0x0000000083c00000, 0x0000000083d00000, 0x0000000083d00000|100%|HC|  |TAMS 0x0000000083d00000, 0x0000000083c00000| Complete 
|  11|0x0000000083d00000, 0x0000000083e00000, 0x0000000083e00000|100%|HS|  |TAMS 0x0000000083e00000, 0x0000000083d00000| Complete 
|  12|0x0000000083e00000, 0x0000000083f00000, 0x0000000083f00000|100%|HC|  |TAMS 0x0000000083f00000, 0x0000000083e00000| Complete 
|  13|0x0000000083f00000, 0x0000000084000000, 0x0000000084000000|100%|HS|  |TAMS 0x0000000084000000, 0x0000000083f00000| Complete 
|  14|0x0000000084000000, 0x0000000084100000, 0x0000000084100000|100%|HC|  |TAMS 0x0000000084100000, 0x0000000084000000| Complete 
|  15|0x0000000084100000, 0x0000000084200000, 0x0000000084200000|100%| O|  |TAMS 0x0000000084200000, 0x0000000084100000| Untracked 
|  16|0x0000000084200000, 0x0000000084300000, 0x0000000084300000|100%| O|  |TAMS 0x0000000084300000, 0x0000000084200000| Untracked 
|  17|0x0000000084300000, 0x0000000084400000, 0x0000000084400000|100%| O|  |TAMS 0x0000000084400000, 0x0000000084300000| Untracked 
|  18|0x0000000084400000, 0x0000000084500000, 0x0000000084500000|100%|HS|  |TAMS 0x0000000084500000, 0x0000000084400000| Complete 
|  19|0x0000000084500000, 0x0000000084600000, 0x0000000084600000|100%|HC|  |TAMS 0x0000000084600000, 0x0000000084500000| Complete 
|  20|0x0000000084600000, 0x0000000084700000, 0x0000000084700000|100%|HS|  |TAMS 0x0000000084700000, 0x0000000084600000| Complete 
|  21|0x0000000084700000, 0x0000000084800000, 0x0000000084800000|100%|HC|  |TAMS 0x0000000084800000, 0x0000000084700000| Complete 
|  22|0x0000000084800000, 0x0000000084900000, 0x0000000084900000|100%|HS|  |TAMS 0x0000000084900000, 0x0000000084800000| Complete 
|  23|0x0000000084900000, 0x0000000084a00000, 0x0000000084a00000|100%|HC|  |TAMS 0x0000000084a00000, 0x0000000084900000| Complete 
|  24|0x0000000084a00000, 0x0000000084b00000, 0x0000000084b00000|100%| O|  |TAMS 0x0000000084b00000, 0x0000000084a00000| Untracked 
|  25|0x0000000084b00000, 0x0000000084c00000, 0x0000000084c00000|100%| O|  |TAMS 0x0000000084c00000, 0x0000000084b00000| Untracked 
|  26|0x0000000084c00000, 0x0000000084d00000, 0x0000000084d00000|100%| O|  |TAMS 0x0000000084d00000, 0x0000000084c00000| Untracked 
|  27|0x0000000084d00000, 0x0000000084e00000, 0x0000000084e00000|100%| O|  |TAMS 0x0000000084e00000, 0x0000000084d00000| Untracked 
|  28|0x0000000084e00000, 0x0000000084f00000, 0x0000000084f00000|100%| O|  |TAMS 0x0000000084f00000, 0x0000000084e00000| Untracked 
|  29|0x0000000084f00000, 0x0000000085000000, 0x0000000085000000|100%| O|  |TAMS 0x0000000085000000, 0x0000000084f00000| Untracked 
|  30|0x0000000085000000, 0x0000000085100000, 0x0000000085100000|100%| O|  |TAMS 0x0000000085100000, 0x0000000085000000| Untracked 
|  31|0x0000000085100000, 0x0000000085200000, 0x0000000085200000|100%| O|  |TAMS 0x0000000085200000, 0x0000000085100000| Untracked 
|  32|0x0000000085200000, 0x0000000085300000, 0x0000000085300000|100%| O|  |TAMS 0x0000000085300000, 0x0000000085200000| Untracked 
|  33|0x0000000085300000, 0x0000000085400000, 0x0000000085400000|100%|HS|  |TAMS 0x0000000085400000, 0x0000000085300000| Complete 
|  34|0x0000000085400000, 0x0000000085500000, 0x0000000085500000|100%|HC|  |TAMS 0x0000000085500000, 0x0000000085400000| Complete 
|  35|0x0000000085500000, 0x0000000085600000, 0x0000000085600000|100%|HS|  |TAMS 0x0000000085600000, 0x0000000085500000| Complete 
|  36|0x0000000085600000, 0x0000000085700000, 0x0000000085700000|100%|HC|  |TAMS 0x0000000085700000, 0x0000000085600000| Complete 
|  37|0x0000000085700000, 0x0000000085800000, 0x0000000085800000|100%|HS|  |TAMS 0x0000000085800000, 0x0000000085700000| Complete 
|  38|0x0000000085800000, 0x0000000085900000, 0x0000000085900000|100%|HC|  |TAMS 0x0000000085900000, 0x0000000085800000| Complete 
|  39|0x0000000085900000, 0x0000000085a00000, 0x0000000085a00000|100%|HS|  |TAMS 0x0000000085a00000, 0x0000000085900000| Complete 
|  40|0x0000000085a00000, 0x0000000085b00000, 0x0000000085b00000|100%|HC|  |TAMS 0x0000000085b00000, 0x0000000085a00000| Complete 
|  41|0x0000000085b00000, 0x0000000085c00000, 0x0000000085c00000|100%|HS|  |TAMS 0x0000000085c00000, 0x0000000085b00000| Complete 
|  42|0x0000000085c00000, 0x0000000085d00000, 0x0000000085d00000|100%|HC|  |TAMS 0x0000000085d00000, 0x0000000085c00000| Complete 
|  43|0x0000000085d00000, 0x0000000085e00000, 0x0000000085e00000|100%|HS|  |TAMS 0x0000000085e00000, 0x0000000085d00000| Complete 
|  44|0x0000000085e00000, 0x0000000085f00000, 0x0000000085f00000|100%|HC|  |TAMS 0x0000000085f00000, 0x0000000085e00000| Complete 
|  45|0x0000000085f00000, 0x0000000086000000, 0x0000000086000000|100%|HS|  |TAMS 0x0000000086000000, 0x0000000085f00000| Complete 
|  46|0x0000000086000000, 0x0000000086100000, 0x0000000086100000|100%|HC|  |TAMS 0x0000000086100000, 0x0000000086000000| Complete 
|  47|0x0000000086100000, 0x0000000086200000, 0x0000000086200000|100%|HS|  |TAMS 0x0000000086200000, 0x0000000086100000| Complete 
|  48|0x0000000086200000, 0x0000000086300000, 0x0000000086300000|100%|HS|  |TAMS 0x0000000086300000, 0x0000000086200000| Complete 
|  49|0x0000000086300000, 0x0000000086400000, 0x0000000086400000|100%|HC|  |TAMS 0x0000000086400000, 0x0000000086300000| Complete 
|  50|0x0000000086400000, 0x0000000086500000, 0x0000000086500000|100%|HS|  |TAMS 0x0000000086400000, 0x0000000086400000| Complete 
|  51|0x0000000086500000, 0x0000000086600000, 0x0000000086600000|100%|HS|  |TAMS 0x0000000086500000, 0x0000000086500000| Complete 
|  52|0x0000000086600000, 0x0000000086600000, 0x0000000086700000|  0%| F|  |TAMS 0x0000000086600000, 0x0000000086600000| Untracked 
|  53|0x0000000086700000, 0x0000000086800000, 0x0000000086800000|100%|HS|  |TAMS 0x0000000086800000, 0x0000000086700000| Complete 
|  54|0x0000000086800000, 0x0000000086800000, 0x0000000086900000|  0%| F|  |TAMS 0x0000000086800000, 0x0000000086800000| Untracked 
|  55|0x0000000086900000, 0x0000000086900000, 0x0000000086a00000|  0%| F|  |TAMS 0x0000000086900000, 0x0000000086900000| Untracked 
|  56|0x0000000086a00000, 0x0000000086a00000, 0x0000000086b00000|  0%| F|  |TAMS 0x0000000086a00000, 0x0000000086a00000| Untracked 
|  57|0x0000000086b00000, 0x0000000086b00000, 0x0000000086c00000|  0%| F|  |TAMS 0x0000000086b00000, 0x0000000086b00000| Untracked 
|  58|0x0000000086c00000, 0x0000000086c00000, 0x0000000086d00000|  0%| F|  |TAMS 0x0000000086c00000, 0x0000000086c00000| Untracked 
|  59|0x0000000086d00000, 0x0000000086d00000, 0x0000000086e00000|  0%| F|  |TAMS 0x0000000086d00000, 0x0000000086d00000| Untracked 
|  60|0x0000000086e00000, 0x0000000086e00000, 0x0000000086f00000|  0%| F|  |TAMS 0x0000000086e00000, 0x0000000086e00000| Untracked 
|  61|0x0000000086f00000, 0x0000000086f00000, 0x0000000087000000|  0%| F|  |TAMS 0x0000000086f00000, 0x0000000086f00000| Untracked 
|  62|0x0000000087000000, 0x0000000087000000, 0x0000000087100000|  0%| F|  |TAMS 0x0000000087000000, 0x0000000087000000| Untracked 
|  63|0x0000000087100000, 0x0000000087100000, 0x0000000087200000|  0%| F|  |TAMS 0x0000000087100000, 0x0000000087100000| Untracked 
|  64|0x0000000087200000, 0x0000000087200000, 0x0000000087300000|  0%| F|  |TAMS 0x0000000087200000, 0x0000000087200000| Untracked 
|  65|0x0000000087300000, 0x0000000087300000, 0x0000000087400000|  0%| F|  |TAMS 0x0000000087300000, 0x0000000087300000| Untracked 
|  66|0x0000000087400000, 0x0000000087400000, 0x0000000087500000|  0%| F|  |TAMS 0x0000000087400000, 0x0000000087400000| Untracked 
|  67|0x0000000087500000, 0x0000000087500000, 0x0000000087600000|  0%| F|  |TAMS 0x0000000087500000, 0x0000000087500000| Untracked 
|  68|0x0000000087600000, 0x0000000087600000, 0x0000000087700000|  0%| F|  |TAMS 0x0000000087600000, 0x0000000087600000| Untracked 
|  69|0x0000000087700000, 0x0000000087700000, 0x0000000087800000|  0%| F|  |TAMS 0x0000000087700000, 0x0000000087700000| Untracked 
|  70|0x0000000087800000, 0x0000000087800000, 0x0000000087900000|  0%| F|  |TAMS 0x0000000087800000, 0x0000000087800000| Untracked 
|  71|0x0000000087900000, 0x0000000087900000, 0x0000000087a00000|  0%| F|  |TAMS 0x0000000087900000, 0x0000000087900000| Untracked 
|  72|0x0000000087a00000, 0x0000000087a00000, 0x0000000087b00000|  0%| F|  |TAMS 0x0000000087a00000, 0x0000000087a00000| Untracked 
|  73|0x0000000087b00000, 0x0000000087b00000, 0x0000000087c00000|  0%| F|  |TAMS 0x0000000087b00000, 0x0000000087b00000| Untracked 
|  74|0x0000000087c00000, 0x0000000087c00000, 0x0000000087d00000|  0%| F|  |TAMS 0x0000000087c00000, 0x0000000087c00000| Untracked 
|  75|0x0000000087d00000, 0x0000000087d00000, 0x0000000087e00000|  0%| F|  |TAMS 0x0000000087d00000, 0x0000000087d00000| Untracked 
|  76|0x0000000087e00000, 0x0000000087e00000, 0x0000000087f00000|  0%| F|  |TAMS 0x0000000087e00000, 0x0000000087e00000| Untracked 
|  77|0x0000000087f00000, 0x0000000087f00000, 0x0000000088000000|  0%| F|  |TAMS 0x0000000087f00000, 0x0000000087f00000| Untracked 
|  78|0x0000000088000000, 0x0000000088000000, 0x0000000088100000|  0%| F|  |TAMS 0x0000000088000000, 0x0000000088000000| Untracked 
|  79|0x0000000088100000, 0x0000000088100000, 0x0000000088200000|  0%| F|  |TAMS 0x0000000088100000, 0x0000000088100000| Untracked 
|  80|0x0000000088200000, 0x0000000088200000, 0x0000000088300000|  0%| F|  |TAMS 0x0000000088200000, 0x0000000088200000| Untracked 
|  81|0x0000000088300000, 0x0000000088300000, 0x0000000088400000|  0%| F|  |TAMS 0x0000000088300000, 0x0000000088300000| Untracked 
|  82|0x0000000088400000, 0x0000000088400000, 0x0000000088500000|  0%| F|  |TAMS 0x0000000088400000, 0x0000000088400000| Untracked 
|  83|0x0000000088500000, 0x0000000088500000, 0x0000000088600000|  0%| F|  |TAMS 0x0000000088500000, 0x0000000088500000| Untracked 
|  84|0x0000000088600000, 0x0000000088600000, 0x0000000088700000|  0%| F|  |TAMS 0x0000000088600000, 0x0000000088600000| Untracked 
|  85|0x0000000088700000, 0x0000000088700000, 0x0000000088800000|  0%| F|  |TAMS 0x0000000088700000, 0x0000000088700000| Untracked 
|  86|0x0000000088800000, 0x0000000088800000, 0x0000000088900000|  0%| F|  |TAMS 0x0000000088800000, 0x0000000088800000| Untracked 
|  87|0x0000000088900000, 0x0000000088900000, 0x0000000088a00000|  0%| F|  |TAMS 0x0000000088900000, 0x0000000088900000| Untracked 
|  88|0x0000000088a00000, 0x0000000088a00000, 0x0000000088b00000|  0%| F|  |TAMS 0x0000000088a00000, 0x0000000088a00000| Untracked 
|  89|0x0000000088b00000, 0x0000000088b00000, 0x0000000088c00000|  0%| F|  |TAMS 0x0000000088b00000, 0x0000000088b00000| Untracked 
|  90|0x0000000088c00000, 0x0000000088c00000, 0x0000000088d00000|  0%| F|  |TAMS 0x0000000088c00000, 0x0000000088c00000| Untracked 
|  91|0x0000000088d00000, 0x0000000088d00000, 0x0000000088e00000|  0%| F|  |TAMS 0x0000000088d00000, 0x0000000088d00000| Untracked 
|  92|0x0000000088e00000, 0x0000000088e00000, 0x0000000088f00000|  0%| F|  |TAMS 0x0000000088e00000, 0x0000000088e00000| Untracked 
|  93|0x0000000088f00000, 0x0000000088f00000, 0x0000000089000000|  0%| F|  |TAMS 0x0000000088f00000, 0x0000000088f00000| Untracked 
|  94|0x0000000089000000, 0x0000000089000000, 0x0000000089100000|  0%| F|  |TAMS 0x0000000089000000, 0x0000000089000000| Untracked 
|  95|0x0000000089100000, 0x0000000089100000, 0x0000000089200000|  0%| F|  |TAMS 0x0000000089100000, 0x0000000089100000| Untracked 
|  96|0x0000000089200000, 0x0000000089200000, 0x0000000089300000|  0%| F|  |TAMS 0x0000000089200000, 0x0000000089200000| Untracked 
|  97|0x0000000089300000, 0x0000000089300000, 0x0000000089400000|  0%| F|  |TAMS 0x0000000089300000, 0x0000000089300000| Untracked 
|  98|0x0000000089400000, 0x00000000894a4330, 0x0000000089500000| 64%| S|CS|TAMS 0x0000000089400000, 0x0000000089400000| Complete 
|  99|0x0000000089500000, 0x0000000089600000, 0x0000000089600000|100%| S|CS|TAMS 0x0000000089500000, 0x0000000089500000| Complete 
| 100|0x0000000089600000, 0x0000000089700000, 0x0000000089700000|100%| S|CS|TAMS 0x0000000089600000, 0x0000000089600000| Complete 
| 101|0x0000000089700000, 0x0000000089700000, 0x0000000089800000|  0%| F|  |TAMS 0x0000000089700000, 0x0000000089700000| Untracked 
| 102|0x0000000089800000, 0x0000000089800000, 0x0000000089900000|  0%| F|  |TAMS 0x0000000089800000, 0x0000000089800000| Untracked 
| 103|0x0000000089900000, 0x0000000089900000, 0x0000000089a00000|  0%| F|  |TAMS 0x0000000089900000, 0x0000000089900000| Untracked 
| 104|0x0000000089a00000, 0x0000000089a00000, 0x0000000089b00000|  0%| F|  |TAMS 0x0000000089a00000, 0x0000000089a00000| Untracked 
| 105|0x0000000089b00000, 0x0000000089b00000, 0x0000000089c00000|  0%| F|  |TAMS 0x0000000089b00000, 0x0000000089b00000| Untracked 
| 106|0x0000000089c00000, 0x0000000089c00000, 0x0000000089d00000|  0%| F|  |TAMS 0x0000000089c00000, 0x0000000089c00000| Untracked 
| 107|0x0000000089d00000, 0x0000000089d00000, 0x0000000089e00000|  0%| F|  |TAMS 0x0000000089d00000, 0x0000000089d00000| Untracked 
| 108|0x0000000089e00000, 0x0000000089e00000, 0x0000000089f00000|  0%| F|  |TAMS 0x0000000089e00000, 0x0000000089e00000| Untracked 
| 109|0x0000000089f00000, 0x0000000089f00000, 0x000000008a000000|  0%| F|  |TAMS 0x0000000089f00000, 0x0000000089f00000| Untracked 
| 110|0x000000008a000000, 0x000000008a000000, 0x000000008a100000|  0%| F|  |TAMS 0x000000008a000000, 0x000000008a000000| Untracked 
| 111|0x000000008a100000, 0x000000008a100000, 0x000000008a200000|  0%| F|  |TAMS 0x000000008a100000, 0x000000008a100000| Untracked 
| 112|0x000000008a200000, 0x000000008a200000, 0x000000008a300000|  0%| F|  |TAMS 0x000000008a200000, 0x000000008a200000| Untracked 
| 113|0x000000008a300000, 0x000000008a300000, 0x000000008a400000|  0%| F|  |TAMS 0x000000008a300000, 0x000000008a300000| Untracked 
| 114|0x000000008a400000, 0x000000008a400000, 0x000000008a500000|  0%| F|  |TAMS 0x000000008a400000, 0x000000008a400000| Untracked 
| 115|0x000000008a500000, 0x000000008a500000, 0x000000008a600000|  0%| F|  |TAMS 0x000000008a500000, 0x000000008a500000| Untracked 
| 116|0x000000008a600000, 0x000000008a600000, 0x000000008a700000|  0%| F|  |TAMS 0x000000008a600000, 0x000000008a600000| Untracked 
| 119|0x000000008a900000, 0x000000008a900000, 0x000000008aa00000|  0%| F|  |TAMS 0x000000008a900000, 0x000000008a900000| Untracked 
| 120|0x000000008aa00000, 0x000000008aa2b918, 0x000000008ab00000| 17%| E|  |TAMS 0x000000008aa00000, 0x000000008aa00000| Complete 
| 125|0x000000008af00000, 0x000000008b000000, 0x000000008b000000|100%| E|CS|TAMS 0x000000008af00000, 0x000000008af00000| Complete 

Card table byte_map: [0x0000024420580000,0x0000024420970000] _byte_map_base: 0x0000024420167000

Marking Bits (Prev, Next): (CMBitMap*) 0x0000024408fb65b0, (CMBitMap*) 0x0000024408fb65f0
 Prev Bits: [0x0000024420d60000, 0x0000024422c98000)
 Next Bits: [0x0000024422ca0000, 0x0000024424bd8000)

Polling page: 0x0000024407100000

Metaspace:

Usage:
  Non-class:     21.95 MB capacity,    21.74 MB (>99%) used,   176.89 KB ( <1%) free+waste,    36.44 KB ( <1%) overhead. 
      Class:      3.25 MB capacity,     3.13 MB ( 96%) used,   107.45 KB (  3%) free+waste,    14.50 KB ( <1%) overhead. 
       Both:     25.20 MB capacity,    24.87 MB ( 99%) used,   284.34 KB (  1%) free+waste,    50.94 KB ( <1%) overhead. 

Virtual space:
  Non-class space:       22.00 MB reserved,      22.00 MB (100%) committed 
      Class space:        1.00 GB reserved,       3.25 MB ( <1%) committed 
             Both:        1.02 GB reserved,      25.25 MB (  2%) committed 

Chunk freelists:
   Non-Class:  51.00 KB
       Class:  3.00 KB
        Both:  54.00 KB

MaxMetaspaceSize: 17179869184.00 GB
CompressedClassSpaceSize: 1.00 GB

CodeHeap 'non-profiled nmethods': size=120000Kb used=2192Kb max_used=2192Kb free=117807Kb
 bounds [0x0000024418c60000, 0x0000024418ed0000, 0x0000024420190000]
CodeHeap 'profiled nmethods': size=120000Kb used=8961Kb max_used=8961Kb free=111038Kb
 bounds [0x0000024411730000, 0x0000024412000000, 0x0000024418c60000]
CodeHeap 'non-nmethods': size=5760Kb used=1555Kb max_used=1574Kb free=4204Kb
 bounds [0x0000024411190000, 0x0000024411400000, 0x0000024411730000]
 total_blobs=5339 nmethods=4414 adapters=835
 compilation: enabled
              stopped_count=0, restarted_count=0
 full_count=0

Compilation events (20 events):
Event: 218.741 Thread 0x0000024427a63640 4413       1       sun.java2d.loops.CompositeType::getSuperType (5 bytes)
Event: 218.741 Thread 0x0000024427a63640 nmethod 4413 0x0000024418e81f10 code [0x0000024418e820a0, 0x0000024418e82158]
Event: 218.742 Thread 0x0000024427a63640 4414       3       java.util.Arrays::binarySearch0 (95 bytes)
Event: 218.742 Thread 0x0000024427a63640 nmethod 4414 0x0000024411fec990 code [0x0000024411fecb60, 0x0000024411fecf58]
Event: 218.742 Thread 0x0000024427a63640 4415       3       sun.java2d.loops.GraphicsPrimitiveMgr::locate (104 bytes)
Event: 218.743 Thread 0x0000024427a63640 nmethod 4415 0x0000024411fed110 code [0x0000024411fed340, 0x0000024411feddb8]
Event: 218.743 Thread 0x0000024427a63640 4416       3       java.util.Arrays::binarySearch (10 bytes)
Event: 218.743 Thread 0x0000024427a63640 nmethod 4416 0x0000024411fee010 code [0x0000024411fee1c0, 0x0000024411fee2e8]
Event: 218.802 Thread 0x0000024427a63640 4417       1       sun.java2d.loops.SurfaceType::getSuperType (5 bytes)
Event: 218.802 Thread 0x00000244270dd500 4418       4       sun.java2d.loops.GraphicsPrimitiveMgr$2::compare (39 bytes)
Event: 218.802 Thread 0x0000024427a63640 nmethod 4417 0x0000024418e82210 code [0x0000024418e823a0, 0x0000024418e82458]
Event: 218.803 Thread 0x00000244270dd500 nmethod 4418 0x0000024418e82510 code [0x0000024418e826a0, 0x0000024418e82798]
Event: 218.839 Thread 0x0000024427a63640 4419 %     3       com.sun.javafx.image.impl.IntTo4ByteSameConverter::doConvert @ 25 (114 bytes)
Event: 218.839 Thread 0x0000024427a63640 nmethod 4419% 0x0000024411fee390 code [0x0000024411fee540, 0x0000024411feea18]
Event: 218.840 Thread 0x0000024427a63640 4420       3       com.sun.javafx.image.impl.IntTo4ByteSameConverter::doConvert (114 bytes)
Event: 218.840 Thread 0x0000024427a63640 nmethod 4420 0x0000024411feec10 code [0x0000024411feedc0, 0x0000024411fef138]
Event: 218.840 Thread 0x00000244270dd500 4421 %     4       com.sun.javafx.image.impl.IntTo4ByteSameConverter::doConvert @ 25 (114 bytes)
Event: 218.856 Thread 0x0000024427a63640 4422       3       javafx.scene.control.skin.LabeledSkinBase::topLabelPadding (18 bytes)
Event: 218.857 Thread 0x0000024427a63640 nmethod 4422 0x0000024411fef390 code [0x0000024411fef600, 0x0000024411ff0158]
Event: 218.895 Thread 0x00000244270dd500 nmethod 4421% 0x0000024418e82890 code [0x0000024418e82a20, 0x0000024418e83e98]

GC Heap History (10 events):
Event: 1.301 GC heap before
{Heap before GC invocations=0 (full 0):
 garbage-first heap   total 129024K, used 12288K [0x0000000083200000, 0x0000000100000000)
  region size 1024K, 13 young (13312K), 0 survivors (0K)
 Metaspace       used 1063K, capacity 4495K, committed 4864K, reserved 1056768K
  class space    used 98K, capacity 389K, committed 512K, reserved 1048576K
}
Event: 1.307 GC heap after
{Heap after GC invocations=1 (full 0):
 garbage-first heap   total 129024K, used 856K [0x0000000083200000, 0x0000000100000000)
  region size 1024K, 1 young (1024K), 1 survivors (1024K)
 Metaspace       used 1063K, capacity 4495K, committed 4864K, reserved 1056768K
  class space    used 98K, capacity 389K, committed 512K, reserved 1048576K
}
Event: 1.903 GC heap before
{Heap before GC invocations=1 (full 0):
 garbage-first heap   total 129024K, used 19288K [0x0000000083200000, 0x0000000100000000)
  region size 1024K, 19 young (19456K), 1 survivors (1024K)
 Metaspace       used 1173K, capacity 4495K, committed 4864K, reserved 1056768K
  class space    used 98K, capacity 389K, committed 512K, reserved 1048576K
}
Event: 1.906 GC heap after
{Heap after GC invocations=2 (full 0):
 garbage-first heap   total 129024K, used 1024K [0x0000000083200000, 0x0000000100000000)
  region size 1024K, 1 young (1024K), 1 survivors (1024K)
 Metaspace       used 1173K, capacity 4495K, committed 4864K, reserved 1056768K
  class space    used 98K, capacity 389K, committed 512K, reserved 1048576K
}
Event: 169.452 GC heap before
{Heap before GC invocations=2 (full 0):
 garbage-first heap   total 129024K, used 91136K [0x0000000083200000, 0x0000000100000000)
  region size 1024K, 75 young (76800K), 1 survivors (1024K)
 Metaspace       used 20046K, capacity 20327K, committed 20480K, reserved 1067008K
  class space    used 2615K, capacity 2728K, committed 2816K, reserved 1048576K
}
Event: 169.482 GC heap after
{Heap after GC invocations=3 (full 0):
 garbage-first heap   total 129024K, used 28051K [0x0000000083200000, 0x0000000100000000)
  region size 1024K, 10 young (10240K), 10 survivors (10240K)
 Metaspace       used 20046K, capacity 20327K, committed 20480K, reserved 1067008K
  class space    used 2615K, capacity 2728K, committed 2816K, reserved 1048576K
}
Event: 173.147 GC heap before
{Heap before GC invocations=3 (full 0):
 garbage-first heap   total 129024K, used 38291K [0x0000000083200000, 0x0000000100000000)
  region size 1024K, 15 young (15360K), 10 survivors (10240K)
 Metaspace       used 20880K, capacity 21210K, committed 21248K, reserved 1067008K
  class space    used 2674K, capacity 2799K, committed 2816K, reserved 1048576K
}
Event: 173.164 GC heap after
{Heap after GC invocations=4 (full 0):
 garbage-first heap   total 129024K, used 35338K [0x0000000083200000, 0x0000000100000000)
  region size 1024K, 2 young (2048K), 2 survivors (2048K)
 Metaspace       used 20880K, capacity 21210K, committed 21248K, reserved 1067008K
  class space    used 2674K, capacity 2799K, committed 2816K, reserved 1048576K
}
Event: 215.999 GC heap before
{Heap before GC invocations=5 (full 0):
 garbage-first heap   total 122880K, used 72202K [0x0000000083200000, 0x0000000100000000)
  region size 1024K, 19 young (19456K), 2 survivors (2048K)
 Metaspace       used 24024K, capacity 24330K, committed 24448K, reserved 1071104K
  class space    used 3072K, capacity 3197K, committed 3200K, reserved 1048576K
}
Event: 216.005 GC heap after
{Heap after GC invocations=6 (full 0):
 garbage-first heap   total 122880K, used 54928K [0x0000000083200000, 0x0000000100000000)
  region size 1024K, 3 young (3072K), 3 survivors (3072K)
 Metaspace       used 24024K, capacity 24330K, committed 24448K, reserved 1071104K
  class space    used 3072K, capacity 3197K, committed 3200K, reserved 1048576K
}

Deoptimization events (20 events):
Event: 218.847 Thread 0x000002442956cf50 DEOPT PACKING pc=0x0000024411fee97e sp=0x00000059330feab0
Event: 218.847 Thread 0x000002442956cf50 DEOPT UNPACKING pc=0x00000244111de23f sp=0x00000059330fdf98 mode 0
Event: 218.848 Thread 0x000002442956cf50 DEOPT PACKING pc=0x0000024411fee97e sp=0x00000059330feab0
Event: 218.848 Thread 0x000002442956cf50 DEOPT UNPACKING pc=0x00000244111de23f sp=0x00000059330fdf98 mode 0
Event: 218.848 Thread 0x000002442956cf50 DEOPT PACKING pc=0x0000024411fee97e sp=0x00000059330feab0
Event: 218.848 Thread 0x000002442956cf50 DEOPT UNPACKING pc=0x00000244111de23f sp=0x00000059330fdf98 mode 0
Event: 218.849 Thread 0x000002442956cf50 DEOPT PACKING pc=0x0000024411fee97e sp=0x00000059330feab0
Event: 218.849 Thread 0x000002442956cf50 DEOPT UNPACKING pc=0x00000244111de23f sp=0x00000059330fdf98 mode 0
Event: 218.849 Thread 0x000002442956cf50 DEOPT PACKING pc=0x0000024411fee97e sp=0x00000059330feab0
Event: 218.849 Thread 0x000002442956cf50 DEOPT UNPACKING pc=0x00000244111de23f sp=0x00000059330fdf98 mode 0
Event: 218.849 Thread 0x000002442956cf50 DEOPT PACKING pc=0x0000024411fee97e sp=0x00000059330feab0
Event: 218.849 Thread 0x000002442956cf50 DEOPT UNPACKING pc=0x00000244111de23f sp=0x00000059330fdf98 mode 0
Event: 218.850 Thread 0x000002442956cf50 DEOPT PACKING pc=0x0000024411fee97e sp=0x00000059330feab0
Event: 218.850 Thread 0x000002442956cf50 DEOPT UNPACKING pc=0x00000244111de23f sp=0x00000059330fdf98 mode 0
Event: 218.850 Thread 0x000002442956cf50 DEOPT PACKING pc=0x0000024411fee97e sp=0x00000059330feab0
Event: 218.850 Thread 0x000002442956cf50 DEOPT UNPACKING pc=0x00000244111de23f sp=0x00000059330fdf98 mode 0
Event: 218.858 Thread 0x00000244282bc940 Uncommon trap: trap_request=0xffffff45 fr.pc=0x0000024418e50544 relative=0x0000000000000d84
Event: 218.858 Thread 0x00000244282bc940 Uncommon trap: reason=unstable_if action=reinterpret pc=0x0000024418e50544 method=java.util.WeakHashMap.expungeStaleEntries()V @ 66 c2
Event: 218.858 Thread 0x00000244282bc940 DEOPT PACKING pc=0x0000024418e50544 sp=0x00000059318fd6f0
Event: 218.858 Thread 0x00000244282bc940 DEOPT UNPACKING pc=0x00000244111de42f sp=0x00000059318fd670 mode 2

Classes unloaded (0 events):
No events

Classes redefined (0 events):
No events

Internal exceptions (20 events):
Event: 173.017 Thread 0x0000024428273620 Exception <a 'java/io/FileNotFoundException'{0x000000008acf8dd8}> (0x000000008acf8dd8) 
thrown [./open/src/hotspot/share/prims/jni.cpp, line 578]
Event: 173.028 Thread 0x0000024428273620 Exception <a 'java/io/FileNotFoundException'{0x000000008ab17ee8}> (0x000000008ab17ee8) 
thrown [./open/src/hotspot/share/prims/jni.cpp, line 578]
Event: 173.030 Thread 0x0000024428273620 Exception <a 'java/io/FileNotFoundException'{0x000000008ab1d3d8}> (0x000000008ab1d3d8) 
thrown [./open/src/hotspot/share/prims/jni.cpp, line 578]
Event: 173.033 Thread 0x0000024428273620 Exception <a 'java/io/FileNotFoundException'{0x000000008ab27660}> (0x000000008ab27660) 
thrown [./open/src/hotspot/share/prims/jni.cpp, line 578]
Event: 173.282 Thread 0x0000024428273620 Exception <a 'java/io/FileNotFoundException'{0x000000008a666a78}> (0x000000008a666a78) 
thrown [./open/src/hotspot/share/prims/jni.cpp, line 578]
Event: 173.284 Thread 0x0000024428273620 Exception <a 'java/io/FileNotFoundException'{0x000000008a66e788}> (0x000000008a66e788) 
thrown [./open/src/hotspot/share/prims/jni.cpp, line 578]
Event: 173.288 Thread 0x0000024428273620 Exception <a 'java/io/FileNotFoundException'{0x000000008a679ec8}> (0x000000008a679ec8) 
thrown [./open/src/hotspot/share/prims/jni.cpp, line 578]
Event: 180.409 Thread 0x0000024428273620 Exception <a 'java/lang/NoSuchMethodError'{0x0000000089e16360}: 'java.lang.Object java.lang.invoke.DirectMethodHandle$Holder.newInvokeSpecial(java.lang.Object, java.lang.Object, int, int, int, int, int, java.lang.Object)'> (0x0000000089e16360) 
thrown [./open/src/hotspot/share/interpreter/linkResolver.cpp, line 782]
Event: 180.412 Thread 0x0000024428273620 Exception <a 'java/lang/NoSuchMethodError'{0x0000000089e29ed0}: 'java.lang.Object java.lang.invoke.DirectMethodHandle$Holder.newInvokeSpecial(java.lang.Object, java.lang.Object, java.lang.Object, int, int, int, int, int)'> (0x0000000089e29ed0) 
thrown [./open/src/hotspot/share/interpreter/linkResolver.cpp, line 782]
Event: 180.412 Thread 0x0000024428273620 Exception <a 'java/lang/NoSuchMethodError'{0x0000000089e31a30}: 'java.lang.Object java.lang.invoke.Invokers$Holder.linkToTargetMethod(java.lang.Object, java.lang.Object, int, int, int, int, int, java.lang.Object)'> (0x0000000089e31a30) 
thrown [./open/src/hotspot/share/interpreter/linkResolver.cpp, line 782]
Event: 197.384 Thread 0x000002442956cf50 Exception <a 'java/lang/ClassNotFoundException'{0x0000000089e8bb30}: sun/awt/resources/spi/awtProvider> (0x0000000089e8bb30) 
thrown [./open/src/hotspot/share/classfile/systemDictionary.cpp, line 295]
Event: 197.435 Thread 0x000002442956cf50 Exception <a 'java/io/FileNotFoundException'{0x0000000089e8ec78}> (0x0000000089e8ec78) 
thrown [./open/src/hotspot/share/prims/jni.cpp, line 578]
Event: 197.436 Thread 0x000002442956cf50 Exception <a 'java/io/FileNotFoundException'{0x0000000089e90158}> (0x0000000089e90158) 
thrown [./open/src/hotspot/share/prims/jni.cpp, line 578]
Event: 202.266 Thread 0x000002442956cf50 Exception <a 'sun/nio/fs/WindowsException'{0x0000000089ea0d88}> (0x0000000089ea0d88) 
thrown [./open/src/hotspot/share/prims/jni.cpp, line 578]
Event: 202.267 Thread 0x000002442956cf50 Exception <a 'sun/nio/fs/WindowsException'{0x0000000089ea44c8}> (0x0000000089ea44c8) 
thrown [./open/src/hotspot/share/prims/jni.cpp, line 578]
Event: 202.268 Thread 0x000002442956cf50 Exception <a 'sun/nio/fs/WindowsException'{0x0000000089ea6c28}> (0x0000000089ea6c28) 
thrown [./open/src/hotspot/share/prims/jni.cpp, line 578]
Event: 202.269 Thread 0x000002442956cf50 Exception <a 'sun/nio/fs/WindowsException'{0x0000000089ea9aa0}> (0x0000000089ea9aa0) 
thrown [./open/src/hotspot/share/prims/jni.cpp, line 578]
Event: 202.271 Thread 0x000002442956cf50 Exception <a 'sun/nio/fs/WindowsException'{0x0000000089ead528}> (0x0000000089ead528) 
thrown [./open/src/hotspot/share/prims/jni.cpp, line 578]
Event: 202.435 Thread 0x000002442956cf50 Exception <a 'java/lang/NoSuchMethodError'{0x0000000089eb9740}: 'java.lang.Object java.lang.invoke.DirectMethodHandle$Holder.invokeStaticInit(java.lang.Object, int, int, int, int)'> (0x0000000089eb9740) 
thrown [./open/src/hotspot/share/interpreter/linkResolver.cpp, line 782]
Event: 202.976 Thread 0x000002442956cf50 Exception <a 'java/lang/NoSuchMethodError'{0x0000000089d28018}: 'java.lang.Object java.lang.invoke.DirectMethodHandle$Holder.invokeStaticInit(java.lang.Object, java.lang.Object, int, int, int, int)'> (0x0000000089d28018) 
thrown [./open/src/hotspot/share/interpreter/linkResolver.cpp, line 782]

Events (20 events):
Event: 218.737 loading class sun/java2d/loops/GraphicsPrimitiveMgr$1 done
Event: 218.737 loading class sun/java2d/loops/GraphicsPrimitiveMgr$2
Event: 218.737 loading class sun/java2d/loops/GraphicsPrimitiveMgr$2 done
Event: 218.737 loading class sun/java2d/loops/GraphicsPrimitiveMgr$PrimitiveSpec
Event: 218.737 loading class sun/java2d/loops/GraphicsPrimitiveMgr$PrimitiveSpec done
Event: 218.742 loading class sun/awt/image/BufferedImageGraphicsConfig
Event: 218.765 loading class java/awt/GraphicsConfiguration
Event: 218.767 loading class java/awt/GraphicsConfiguration done
Event: 218.767 loading class sun/awt/image/BufferedImageGraphicsConfig done
Event: 218.767 loading class sun/awt/image/BufferedImageDevice
Event: 218.768 loading class java/awt/GraphicsDevice
Event: 218.768 loading class java/awt/GraphicsDevice done
Event: 218.768 loading class sun/awt/image/BufferedImageDevice done
Event: 218.768 loading class java/awt/image/MultiResolutionImage
Event: 218.769 loading class java/awt/image/MultiResolutionImage done
Event: 218.769 loading class sun/awt/image/ToolkitImage
Event: 218.801 loading class sun/awt/image/ToolkitImage done
Event: 218.851 Thread 0x000002442956cf50 Thread exited: 0x000002442956cf50
Event: 219.517 Executing VM operation: HandshakeAllThreads
Event: 219.517 Executing VM operation: HandshakeAllThreads done


Dynamic libraries:
0x00007ff71d410000 - 0x00007ff71d41f000 	C:\Program Files\Java\jdk-15.0.2\bin\java.exe
0x00007ff8d3110000 - 0x00007ff8d3305000 	C:\WINDOWS\SYSTEM32\ntdll.dll
0x00007ff8d1550000 - 0x00007ff8d160d000 	C:\WINDOWS\System32\KERNEL32.DLL
0x00007ff8d0950000 - 0x00007ff8d0c18000 	C:\WINDOWS\System32\KERNELBASE.dll
0x00007ff8d0cc0000 - 0x00007ff8d0dc0000 	C:\WINDOWS\System32\ucrtbase.dll
0x00007ff8b3f40000 - 0x00007ff8b3f58000 	C:\Program Files\Java\jdk-15.0.2\bin\jli.dll
0x00007ff8bdf50000 - 0x00007ff8bdf69000 	C:\Program Files\Java\jdk-15.0.2\bin\VCRUNTIME140.dll
0x00007ff8d14a0000 - 0x00007ff8d154c000 	C:\WINDOWS\System32\ADVAPI32.dll
0x00007ff8d11a0000 - 0x00007ff8d123e000 	C:\WINDOWS\System32\msvcrt.dll
0x00007ff8d18e0000 - 0x00007ff8d197b000 	C:\WINDOWS\System32\sechost.dll
0x00007ff8d2c40000 - 0x00007ff8d2d6b000 	C:\WINDOWS\System32\RPCRT4.dll
0x00007ff8d1270000 - 0x00007ff8d1410000 	C:\WINDOWS\System32\USER32.dll
0x00007ff8d0f30000 - 0x00007ff8d0f52000 	C:\WINDOWS\System32\win32u.dll
0x00007ff8b9150000 - 0x00007ff8b93ea000 	C:\WINDOWS\WinSxS\amd64_microsoft.windows.common-controls_6595b64144ccf1df_6.0.19041.844_none_ca00b6081b84eb1d\COMCTL32.dll
0x00007ff8d1170000 - 0x00007ff8d119a000 	C:\WINDOWS\System32\GDI32.dll
0x00007ff8d0dc0000 - 0x00007ff8d0ecb000 	C:\WINDOWS\System32\gdi32full.dll
0x00007ff8d0c20000 - 0x00007ff8d0cbd000 	C:\WINDOWS\System32\msvcp_win.dll
0x00007ff8be3b0000 - 0x00007ff8be3ba000 	C:\WINDOWS\SYSTEM32\VERSION.dll
0x00007ff8d1240000 - 0x00007ff8d1270000 	C:\WINDOWS\System32\IMM32.DLL
0x00007ff8c4060000 - 0x00007ff8c406c000 	C:\Program Files\Java\jdk-15.0.2\bin\vcruntime140_1.dll
0x00007ff8a0360000 - 0x00007ff8a03f1000 	C:\Program Files\Java\jdk-15.0.2\bin\msvcp140.dll
0x00007ff892630000 - 0x00007ff89318e000 	C:\Program Files\Java\jdk-15.0.2\bin\server\jvm.dll
0x00007ff8d1870000 - 0x00007ff8d1878000 	C:\WINDOWS\System32\PSAPI.DLL
0x00007ff8c9bd0000 - 0x00007ff8c9bd9000 	C:\WINDOWS\SYSTEM32\WSOCK32.dll
0x00007ff8d26b0000 - 0x00007ff8d271b000 	C:\WINDOWS\System32\WS2_32.dll
0x00007ff8c2720000 - 0x00007ff8c2747000 	C:\WINDOWS\SYSTEM32\WINMM.dll
0x00007ff8ce760000 - 0x00007ff8ce772000 	C:\WINDOWS\SYSTEM32\kernel.appcore.dll
0x00007ff8c0d40000 - 0x00007ff8c0d4a000 	C:\Program Files\Java\jdk-15.0.2\bin\jimage.dll
0x00007ff8bce50000 - 0x00007ff8bd034000 	C:\WINDOWS\SYSTEM32\DBGHELP.DLL
0x00007ff8bce10000 - 0x00007ff8bce3c000 	C:\WINDOWS\SYSTEM32\dbgcore.DLL
0x00007ff8d0880000 - 0x00007ff8d0900000 	C:\WINDOWS\System32\bcryptPrimitives.dll
0x00007ff8b5df0000 - 0x00007ff8b5dfe000 	C:\Program Files\Java\jdk-15.0.2\bin\instrument.dll
0x00007ff8b0b30000 - 0x00007ff8b0b55000 	C:\Program Files\Java\jdk-15.0.2\bin\java.dll
0x00007ff8d1a00000 - 0x00007ff8d2142000 	C:\WINDOWS\System32\SHELL32.dll
0x00007ff8ce960000 - 0x00007ff8cf0f0000 	C:\WINDOWS\SYSTEM32\windows.storage.dll
0x00007ff8d2d70000 - 0x00007ff8d30c5000 	C:\WINDOWS\System32\combase.dll
0x00007ff8d0120000 - 0x00007ff8d014c000 	C:\WINDOWS\SYSTEM32\Wldp.dll
0x00007ff8d1610000 - 0x00007ff8d16be000 	C:\WINDOWS\System32\SHCORE.dll
0x00007ff8d1880000 - 0x00007ff8d18d5000 	C:\WINDOWS\System32\shlwapi.dll
0x00007ff8d0790000 - 0x00007ff8d07af000 	C:\WINDOWS\SYSTEM32\profapi.dll
0x00007ff8a9f50000 - 0x00007ff8a9f69000 	C:\Program Files\Java\jdk-15.0.2\bin\net.dll
0x00007ff8c8840000 - 0x00007ff8c894b000 	C:\WINDOWS\SYSTEM32\WINHTTP.dll
0x00007ff8cff00000 - 0x00007ff8cff6a000 	C:\WINDOWS\system32\mswsock.dll
0x00007ff8a9d70000 - 0x00007ff8a9d82000 	C:\Program Files\Java\jdk-15.0.2\bin\nio.dll
0x00007ff8a9d50000 - 0x00007ff8a9d68000 	C:\Program Files\Java\jdk-15.0.2\bin\zip.dll
0x00007ff8a2190000 - 0x00007ff8a21aa000 	C:\Program Files\JetBrains\IntelliJ IDEA 2020.3.3\bin\breakgen64.dll
0x0000024408ef0000 - 0x0000024408ef3000 	C:\Users\user\.openjfx\cache\16\api-ms-win-core-console-l1-1-0.dll
0x0000024408f00000 - 0x0000024408f03000 	C:\Users\user\.openjfx\cache\16\api-ms-win-core-console-l1-2-0.dll
0x0000024408f10000 - 0x0000024408f13000 	C:\Users\user\.openjfx\cache\16\api-ms-win-core-datetime-l1-1-0.dll
0x0000024408f20000 - 0x0000024408f23000 	C:\Users\user\.openjfx\cache\16\api-ms-win-core-debug-l1-1-0.dll
0x0000024428650000 - 0x0000024428653000 	C:\Users\user\.openjfx\cache\16\api-ms-win-core-errorhandling-l1-1-0.dll
0x0000024428660000 - 0x0000024428664000 	C:\Users\user\.openjfx\cache\16\api-ms-win-core-file-l1-1-0.dll
0x0000024428670000 - 0x0000024428673000 	C:\Users\user\.openjfx\cache\16\api-ms-win-core-file-l1-2-0.dll
0x0000024428680000 - 0x0000024428683000 	C:\Users\user\.openjfx\cache\16\api-ms-win-core-file-l2-1-0.dll
0x0000024428690000 - 0x0000024428693000 	C:\Users\user\.openjfx\cache\16\api-ms-win-core-handle-l1-1-0.dll
0x00000244286a0000 - 0x00000244286a3000 	C:\Users\user\.openjfx\cache\16\api-ms-win-core-heap-l1-1-0.dll
0x00000244286b0000 - 0x00000244286b3000 	C:\Users\user\.openjfx\cache\16\api-ms-win-core-interlocked-l1-1-0.dll
0x00000244286c0000 - 0x00000244286c3000 	C:\Users\user\.openjfx\cache\16\api-ms-win-core-libraryloader-l1-1-0.dll
0x00000244286d0000 - 0x00000244286d3000 	C:\Users\user\.openjfx\cache\16\api-ms-win-core-localization-l1-2-0.dll
0x00000244286e0000 - 0x00000244286e3000 	C:\Users\user\.openjfx\cache\16\api-ms-win-core-memory-l1-1-0.dll
0x00000244286f0000 - 0x00000244286f3000 	C:\Users\user\.openjfx\cache\16\api-ms-win-core-namedpipe-l1-1-0.dll
0x0000024428700000 - 0x0000024428703000 	C:\Users\user\.openjfx\cache\16\api-ms-win-core-processenvironment-l1-1-0.dll
0x0000024428710000 - 0x0000024428713000 	C:\Users\user\.openjfx\cache\16\api-ms-win-core-processthreads-l1-1-0.dll
0x0000024428720000 - 0x0000024428723000 	C:\Users\user\.openjfx\cache\16\api-ms-win-core-processthreads-l1-1-1.dll
0x0000024428730000 - 0x0000024428733000 	C:\Users\user\.openjfx\cache\16\api-ms-win-core-profile-l1-1-0.dll
0x0000024428740000 - 0x0000024428743000 	C:\Users\user\.openjfx\cache\16\api-ms-win-core-rtlsupport-l1-1-0.dll
0x0000024428750000 - 0x0000024428753000 	C:\Users\user\.openjfx\cache\16\api-ms-win-core-string-l1-1-0.dll
0x0000024428760000 - 0x0000024428763000 	C:\Users\user\.openjfx\cache\16\api-ms-win-core-synch-l1-1-0.dll
0x0000024428770000 - 0x0000024428773000 	C:\Users\user\.openjfx\cache\16\api-ms-win-core-synch-l1-2-0.dll
0x0000024428780000 - 0x0000024428783000 	C:\Users\user\.openjfx\cache\16\api-ms-win-core-sysinfo-l1-1-0.dll
0x0000024428790000 - 0x0000024428793000 	C:\Users\user\.openjfx\cache\16\api-ms-win-core-timezone-l1-1-0.dll
0x00000244287a0000 - 0x00000244287a3000 	C:\Users\user\.openjfx\cache\16\api-ms-win-core-util-l1-1-0.dll
0x00000244287b0000 - 0x00000244287b3000 	C:\Users\user\.openjfx\cache\16\api-ms-win-crt-conio-l1-1-0.dll
0x00000244287c0000 - 0x00000244287c4000 	C:\Users\user\.openjfx\cache\16\api-ms-win-crt-convert-l1-1-0.dll
0x00000244287d0000 - 0x00000244287d3000 	C:\Users\user\.openjfx\cache\16\api-ms-win-crt-environment-l1-1-0.dll
0x00000244297b0000 - 0x00000244297b3000 	C:\Users\user\.openjfx\cache\16\api-ms-win-crt-filesystem-l1-1-0.dll
0x00000244297c0000 - 0x00000244297c3000 	C:\Users\user\.openjfx\cache\16\api-ms-win-crt-heap-l1-1-0.dll
0x00000244297d0000 - 0x00000244297d3000 	C:\Users\user\.openjfx\cache\16\api-ms-win-crt-locale-l1-1-0.dll
0x00000244297e0000 - 0x00000244297e5000 	C:\Users\user\.openjfx\cache\16\api-ms-win-crt-math-l1-1-0.dll
0x00000244297f0000 - 0x00000244297f5000 	C:\Users\user\.openjfx\cache\16\api-ms-win-crt-multibyte-l1-1-0.dll
0x0000024429800000 - 0x0000024429810000 	C:\Users\user\.openjfx\cache\16\api-ms-win-crt-private-l1-1-0.dll
0x0000024429810000 - 0x0000024429813000 	C:\Users\user\.openjfx\cache\16\api-ms-win-crt-process-l1-1-0.dll
0x0000024429820000 - 0x0000024429824000 	C:\Users\user\.openjfx\cache\16\api-ms-win-crt-runtime-l1-1-0.dll
0x0000024429830000 - 0x0000024429834000 	C:\Users\user\.openjfx\cache\16\api-ms-win-crt-stdio-l1-1-0.dll
0x0000024429840000 - 0x0000024429844000 	C:\Users\user\.openjfx\cache\16\api-ms-win-crt-string-l1-1-0.dll
0x0000024429850000 - 0x0000024429853000 	C:\Users\user\.openjfx\cache\16\api-ms-win-crt-time-l1-1-0.dll
0x0000024429860000 - 0x0000024429863000 	C:\Users\user\.openjfx\cache\16\api-ms-win-crt-utility-l1-1-0.dll
0x00007ff89fe40000 - 0x00007ff89ff3c000 	C:\Users\user\.openjfx\cache\16\ucrtbase.dll
0x00007ff8a19a0000 - 0x00007ff8a19b9000 	C:\Users\user\.openjfx\cache\16\vcruntime140.dll
0x00007ff8b1040000 - 0x00007ff8b104c000 	C:\Users\user\.openjfx\cache\16\vcruntime140_1.dll
0x00007ff89fda0000 - 0x00007ff89fe31000 	C:\Users\user\.openjfx\cache\16\msvcp140.dll
0x00007ff8a18b0000 - 0x00007ff8a18d7000 	C:\Users\user\.openjfx\cache\16\prism_d3d.dll
0x00007ff8a1250000 - 0x00007ff8a141e000 	C:\WINDOWS\system32\d3d9.dll
0x00007ff8ce380000 - 0x00007ff8ce3af000 	C:\WINDOWS\SYSTEM32\dwmapi.dll
0x00007ff8ce2a0000 - 0x00007ff8ce33e000 	C:\WINDOWS\system32\uxtheme.dll
0x00007ff8a1060000 - 0x00007ff8a1243000 	C:\WINDOWS\System32\DriverStore\FileRepository\igdlh64.inf_amd64_dd5d08598ac3d75d\igdumdim64.dll
0x00007ff894080000 - 0x00007ff897165000 	C:\WINDOWS\System32\DriverStore\FileRepository\igdlh64.inf_amd64_dd5d08598ac3d75d\igd9dxva64.dll
0x00007ff8d2b10000 - 0x00007ff8d2c3a000 	C:\WINDOWS\System32\ole32.dll
0x00007ff8d2980000 - 0x00007ff8d2a4d000 	C:\WINDOWS\System32\OLEAUT32.dll
0x00007ff89fcb0000 - 0x00007ff89fcf2000 	C:\Users\user\.openjfx\cache\16\glass.dll
0x00007ff8d25d0000 - 0x00007ff8d26aa000 	C:\WINDOWS\System32\COMDLG32.dll
0x00007ff8d2750000 - 0x00007ff8d2865000 	C:\WINDOWS\System32\MSCTF.dll
0x00007ff8c4ab0000 - 0x00007ff8c6850000 	C:\WINDOWS\System32\DriverStore\FileRepository\igdlh64.inf_amd64_dd5d08598ac3d75d\igc64.dll
0x00007ff8c7fa0000 - 0x00007ff8c7fdb000 	C:\WINDOWS\SYSTEM32\dxcore.dll
0x00007ff8d0900000 - 0x00007ff8d094e000 	C:\WINDOWS\System32\cfgmgr32.dll
0x00007ff89e7f0000 - 0x00007ff89e991000 	C:\Users\user\Desktop\opencv\build\java\x64\opencv_java452.dll
0x00007ff89e660000 - 0x00007ff89e72f000 	C:\Users\user\Desktop\opencv\build\bin\opencv_photo452.dll
0x00007ff89e730000 - 0x00007ff89e7e7000 	C:\Users\user\Desktop\opencv\build\bin\opencv_objdetect452.dll
0x00007ff89e480000 - 0x00007ff89e53a000 	C:\Users\user\Desktop\opencv\build\bin\opencv_video452.dll
0x00007ff89e540000 - 0x00007ff89e5e9000 	C:\Users\user\Desktop\opencv\build\bin\opencv_ml452.dll
0x00007ff89fc30000 - 0x00007ff89fca5000 	C:\Users\user\Desktop\opencv\build\bin\opencv_videoio452.dll
0x00007ff892060000 - 0x00007ff892621000 	C:\Users\user\Desktop\opencv\build\bin\opencv_dnn452.dll
0x00007ff89e3a0000 - 0x00007ff89e47b000 	C:\Users\user\Desktop\opencv\build\bin\opencv_features2d452.dll
0x00007ff8996e0000 - 0x00007ff899977000 	C:\Users\user\Desktop\opencv\build\bin\opencv_calib3d452.dll
0x00007ff89fb30000 - 0x00007ff89fbb6000 	C:\Users\user\Desktop\opencv\build\bin\opencv_flann452.dll
0x00007ff88f5f0000 - 0x00007ff8905a3000 	C:\Users\user\Desktop\opencv\build\bin\opencv_core452.dll
0x00007ff898690000 - 0x00007ff898a36000 	C:\Users\user\Desktop\opencv\build\bin\opencv_imgcodecs452.dll
0x00007ff8905b0000 - 0x00007ff892055000 	C:\Users\user\Desktop\opencv\build\bin\opencv_imgproc452.dll
0x00007ff89e080000 - 0x00007ff89e131000 	C:\Users\user\Desktop\opencv\build\bin\inference_engine.dll
0x00007ff88f1a0000 - 0x00007ff88f5ee000 	C:\Users\user\Desktop\opencv\build\bin\ngraph.dll
0x00007ff89f1b0000 - 0x00007ff89f219000 	C:\Users\user\Desktop\opencv\build\bin\tbb.dll
0x00007ff898070000 - 0x00007ff89824f000 	C:\Users\user\Desktop\opencv\build\bin\inference_engine_transformations.dll
0x00007ff8a01d0000 - 0x00007ff8a01e4000 	C:\Users\user\.openjfx\cache\16\javafx_font.dll
0x00007ff8c0ac0000 - 0x00007ff8c0d3f000 	C:\WINDOWS\SYSTEM32\dwrite.dll
0x00007ff8d2870000 - 0x00007ff8d2919000 	C:\WINDOWS\System32\clbcatq.dll
0x00007ff8c9a10000 - 0x00007ff8c9bc4000 	C:\WINDOWS\SYSTEM32\WindowsCodecs.dll
0x00007ff8d0850000 - 0x00007ff8d0877000 	C:\WINDOWS\System32\bcrypt.dll
0x00007ff8ac230000 - 0x00007ff8ac26e000 	C:\WINDOWS\system32\dataexchange.dll

dbghelp: loaded successfully - version: 4.0.5 - missing functions: none
symbol engine: initialized successfully - sym options: 0x614 - pdb path: .;C:\Program Files\Java\jdk-15.0.2\bin;C:\WINDOWS\SYSTEM32;C:\WINDOWS\WinSxS\amd64_microsoft.windows.common-controls_6595b64144ccf1df_6.0.19041.844_none_ca00b6081b84eb1d;C:\Program Files\Java\jdk-15.0.2\bin\server;C:\Program Files\JetBrains\IntelliJ IDEA 2020.3.3\bin;C:\Users\user\.openjfx\cache\16;C:\WINDOWS\System32\DriverStore\FileRepository\igdlh64.inf_amd64_dd5d08598ac3d75d;C:\Users\user\Desktop\opencv\build\java\x64;C:\Users\user\Desktop\opencv\build\bin;C:\Program Files\Common Files\Microsoft Shared\Ink;C:\openalpr-2.3.0-win-64bit\openalpr_64;C:\Program Files (x86)\Common Files\Intel\OpenCL\bin\x64

VM Arguments:
jvm_args: -javaagent:C:\Program Files\JetBrains\IntelliJ IDEA 2020.3.3\lib\idea_rt.jar=64886:C:\Program Files\JetBrains\IntelliJ IDEA 2020.3.3\bin -Dfile.encoding=UTF-8 --module-path=C:\Users\user\Desktop\project-home\impl\target\classes;C:\Users\user\.m2\repository\org\controlsfx\controlsfx\11.1.0\controlsfx-11.1.0.jar;C:\Users\user\.m2\repository\org\openjfx\javafx-controls\16\javafx-controls-16.jar;C:\Users\user\.m2\repository\org\openjfx\javafx-controls\16\javafx-controls-16-win.jar;C:\Users\user\.m2\repository\org\openjfx\javafx-graphics\16\javafx-graphics-16.jar;C:\Users\user\.m2\repository\org\openjfx\javafx-graphics\16\javafx-graphics-16-win.jar;C:\Users\user\.m2\repository\org\openjfx\javafx-base\16\javafx-base-16.jar;C:\Users\user\.m2\repository\org\openjfx\javafx-base\16\javafx-base-16-win.jar;C:\Users\user\.m2\repository\org\openjfx\javafx-fxml\16\javafx-fxml-16.jar;C:\Users\user\.m2\repository\org\openjfx\javafx-fxml\16\javafx-fxml-16-win.jar;C:\Users\user\.m2\repository\org\openjfx\javafx-swing\17-ea+7\javafx-swing-17-ea+7.jar;C:\Users\user\.m2\repository\org\openjfx\javafx-swing\17-ea+7\javafx-swing-17-ea+7-win.jar;C:\Users\user\.m2\repository\mysql\mysql-connector-java\8.0.22\mysql-connector-java-8.0.22.jar;C:\Users\user\.m2\repository\com\google\protobuf\protobuf-java\3.11.4\protobuf-java-3.11.4.jar;C:\Users\user\.m2\repository\org\openjfx\javafx-media\16\javafx-media-16.jar;C:\Users\user\.m2\repository\org\openjfx\javafx-media\16\javafx-media-16-win.jar;C:\Users\user\.m2\repository\org\bytedeco\javacv\1.5.5\javacv-1.5.5.jar;C:\Users\user\.m2\repository\org\bytedeco\openblas\0.3.13-1.5.5\openblas-0.3.13-1.5.5.jar;C:\Users\user\.m2\repository\org\bytedeco\opencv\4.5.1-1.5.5\opencv-4.5.1-1.5.5.jar;C:\Users\user\.m2\repository\org\bytedeco\ffmpeg\4.3.2-1.5.5\ffmpeg-4.3.2-1.5.5.jar;C:\Users\user\.m2\repository\org\bytedeco\flycapture\2.13.3.31-1.5.5\flycapture-2.13.3.31-1.5.5.jar;C:\Users\user\.m2\repository\org\bytedeco\libdc1394\2.2.6-1.5.5\libdc1394-2.2.6-1.5.5.jar;C:\Users\user\.m2\repository\org\bytedeco\libfreenect\0.5.7-1.5.5\libfreenect-0.5.7-1.5.5.jar;C:\Users\user\.m2\repository\org\bytedeco\libfreenect2\0.2-Djdk.module.main=com.ceft.gestionparc.Controller 
java_command: com.ceft.gestionparc.Controller/com.ceft.gestionparc.Controller.App
java_class_path (initial): .
Launcher Type: SUN_STANDARD

[Global flags]
     intx CICompilerCount                          = 3                                         {product} {ergonomic}
     uint ConcGCThreads                            = 1                                         {product} {ergonomic}
     uint G1ConcRefinementThreads                  = 4                                         {product} {ergonomic}
   size_t G1HeapRegionSize                         = 1048576                                   {product} {ergonomic}
    uintx GCDrainStackTargetSize                   = 64                                        {product} {ergonomic}
   size_t InitialHeapSize                          = 132120576                                 {product} {ergonomic}
   size_t MarkStackSize                            = 4194304                                   {product} {ergonomic}
   size_t MaxHeapSize                              = 2095054848                                {product} {ergonomic}
   size_t MaxNewSize                               = 1256194048                                {product} {ergonomic}
   size_t MinHeapDeltaBytes                        = 1048576                                   {product} {ergonomic}
   size_t MinHeapSize                              = 8388608                                   {product} {ergonomic}
    uintx NonNMethodCodeHeapSize                   = 5832780                                {pd product} {ergonomic}
    uintx NonProfiledCodeHeapSize                  = 122912730                              {pd product} {ergonomic}
    uintx ProfiledCodeHeapSize                     = 122912730                              {pd product} {ergonomic}
    uintx ReservedCodeCacheSize                    = 251658240                              {pd product} {ergonomic}
     bool SegmentedCodeCache                       = true                                      {product} {ergonomic}
   size_t SoftMaxHeapSize                          = 2095054848                             {manageable} {ergonomic}
     bool UseCompressedClassPointers               = true                                 {lp64_product} {ergonomic}
     bool UseCompressedOops                        = true                                 {lp64_product} {ergonomic}
     bool UseG1GC                                  = true                                      {product} {ergonomic}
     bool UseLargePagesIndividualAllocation        = false                                  {pd product} {ergonomic}

Logging:
Log output configuration:
 #0: stdout all=warning uptime,level,tags
 #1: stderr all=off uptime,level,tags

Environment Variables:
JAVA_HOME=C:\Program Files\Java\jdk-15.0.2
CLASSPATH=.
PATH=C:\Program Files (x86)\Common Files\Oracle\Java\javapath;C:\Program Files\Common Files\Oracle\Java\javapath;C:\app\MAHDI\product\11.2.0\dbhome_1\bin;C:\WINDOWS\system32;C:\WINDOWS;C:\WINDOWS\System32\Wbem;C:\WINDOWS\System32\WindowsPowerShell\v1.0\;C:\WINDOWS\System32\OpenSSH\;C:\Program Files\Git\cmd;C:\Users\user\Desktop\opencv\build\java\x64;C:\Users\user\Desktop\opencv\build\bin;C:\ffmpeg-4.4-full_build\ffmpeg-4.4-full_build\bin;C:\javacpp-platform-1.5.5-bin (1)\javacpp-platform-1.5.5-bin\javacpp-windows-x86_64.jar;C:\openalpr-2.3.0-win-64bit\openalpr_64;C:\Users\user\AppData\Local\Programs\Python\Python39\Scripts\;C:\Users\user\AppData\Local\Programs\Python\Python39\;C:\Users\user\AppData\Local\Microsoft\WindowsApps;C:\Program Files\Java\jdk-15.0.2\bin;C:\Program Files\JetBrains\IntelliJ IDEA Community Edition 2020.3.2\bin;;;C:\Program Files\JetBrains\IntelliJ IDEA 2020.3.3\bin;;C:\Program Files\JetBrains\PyCharm 2021.1.1\bin;
USERNAME=MAHDI
OS=Windows_NT
PROCESSOR_IDENTIFIER=Intel64 Family 6 Model 78 Stepping 3, GenuineIntel



---------------  S Y S T E M  ---------------

OS:
 Windows 10 , 64 bit Build 19041 (10.0.19041.928)
OS uptime: 3 days 7:41 hours
HyperV virtualization detected

CPU: total 4 (initial active 4) (2 cores per cpu, 2 threads per core) family 6 model 78 stepping 3 microcode 0xd6, cmov, cx8, fxsr, mmx, sse, sse2, sse3, ssse3, sse4.1, sse4.2, popcnt, vzeroupper, avx, avx2, aes, clmul, erms, 3dnowpref, lzcnt, ht, tsc, tscinvbit, bmi1, bmi2, adx, fma, clflush, clflushopt

Memory: 4k page, system-wide physical 7989M (997M free)
TotalPageFile size 12695M (AvailPageFile size 2294M)
current process WorkingSet (physical memory assigned to process): 409M, peak: 441M
current process commit charge ("private bytes"): 444M, peak: 491M

vm_info: Java HotSpot(TM) 64-Bit Server VM (15.0.2+7-27) for windows-amd64 JRE (15.0.2+7-27), built on Dec  7 2020 20:07:01 by "mach5one" with unknown MS VC++:1925

END.
