#
# A fatal error has been detected by the Java Runtime Environment:
#
#  EXCEPTION_ACCESS_VIOLATION (0xc0000005) at pc=0x00007ff8ac4048f5, pid=7348, tid=2768
#
# JRE version: Java(TM) SE Runtime Environment (15.0.2+7) (build 15.0.2+7-27)
# Java VM: Java HotSpot(TM) 64-Bit Server VM (15.0.2+7-27, mixed mode, sharing, tiered, compressed oops, g1 gc, windows-amd64)
# Problematic frame:
# C  0x00007ff8ac4048f5
#
# No core dump will be written. Minidumps are not enabled by default on client versions of Windows
#
# If you would like to submit a bug report, please visit:
#   https://bugreport.java.com/bugreport/crash.jsp
# The crash happened outside the Java Virtual Machine in native code.
# See problematic frame for where to report the bug.
#

---------------  S U M M A R Y ------------

Command Line: -Djava.library.path=C:\Users\oulma\Downloads\openalpr-2.3.0-win-64bit\openalpr_64 -javaagent:C:\Program Files\JetBrains\IntelliJ IDEA 2020.3.3\lib\idea_rt.jar=49856:C:\Program Files\JetBrains\IntelliJ IDEA 2020.3.3\bin -Dfile.encoding=UTF-8 --module-path=C:\Users\oulma\Desktop\New folder\poo\impl\target\classes;C:\Users\oulma\.m2\repository\org\openjfx\javafx-controls\16\javafx-controls-16.jar;C:\Users\oulma\.m2\repository\org\openjfx\javafx-controls\16\javafx-controls-16-win.jar;C:\Users\oulma\.m2\repository\org\openjfx\javafx-graphics\16\javafx-graphics-16.jar;C:\Users\oulma\.m2\repository\org\openjfx\javafx-graphics\16\javafx-graphics-16-win.jar;C:\Users\oulma\.m2\repository\org\openjfx\javafx-base\16\javafx-base-16.jar;C:\Users\oulma\.m2\repository\org\openjfx\javafx-base\16\javafx-base-16-win.jar;C:\Users\oulma\.m2\repository\org\openjfx\javafx-fxml\16\javafx-fxml-16.jar;C:\Users\oulma\.m2\repository\org\openjfx\javafx-fxml\16\javafx-fxml-16-win.jar;C:\Users\oulma\.m2\repository\org\openjfx\javafx-swing\17-ea+7\javafx-swing-17-ea+7.jar;C:\Users\oulma\.m2\repository\org\openjfx\javafx-swing\17-ea+7\javafx-swing-17-ea+7-win.jar;C:\Users\oulma\.m2\repository\mysql\mysql-connector-java\8.0.22\mysql-connector-java-8.0.22.jar;C:\Users\oulma\.m2\repository\com\google\protobuf\protobuf-java\3.11.4\protobuf-java-3.11.4.jar;C:\Users\oulma\.m2\repository\org\openjfx\javafx-media\16\javafx-media-16.jar;C:\Users\oulma\.m2\repository\org\openjfx\javafx-media\16\javafx-media-16-win.jar;C:\Users\oulma\.m2\repository\org\bytedeco\javacv\1.5.5\javacv-1.5.5.jar;C:\Users\oulma\.m2\repository\org\bytedeco\openblas\0.3.13-1.5.5\openblas-0.3.13-1.5.5.jar;C:\Users\oulma\.m2\repository\org\bytedeco\opencv\4.5.1-1.5.5\opencv-4.5.1-1.5.5.jar;C:\Users\oulma\.m2\repository\org\bytedeco\ffmpeg\4.3.2-1.5.5\ffmpeg-4.3.2-1.5.5.jar;C:\Users\oulma\.m2\repository\org\bytedeco\flycapture\2.13.3.31-1.5.5\flycapture-2.13.3.31-1.5.5.jar;C:\Users\oulma\.m2\repository\org\bytedeco\libdc1394\2.2.6-1.5.5\libdc1394-2.2.6-1.5.5.jar;C:\Users\oulma\.m2\repository\org\bytedeco\libfreenect\0.5.7-1.5.5\libfreenect-0.5.7-1.5.5.jar;C:\Users\oulma\.m2\repository\org\bytedeco\libfreenect2\0.2.0-1.5.5\libfreenect2-0.2.0-1.5.5.jar;C:\Users\oulma\.m2\re-Djdk.module.main=com.ceft.gestionparc.Controller com.ceft.gestionparc.Controller/com.ceft.gestionparc.Controller.App

Host: Intel(R) Core(TM) i5-5300U CPU @ 2.30GHz, 4 cores, 7G,  Windows 10 , 64 bit Build 19041 (10.0.19041.928)
Time: Mon Apr 26 08:03:51 2021 Morocco Standard Time elapsed time: 22.199754 seconds (0d 0h 0m 22s)

---------------  T H R E A D  ---------------

Current thread (0x000001807e525a20):  JavaThread "pool-2-thread-1" [_thread_in_native, id=2768, stack(0x0000004310600000,0x0000004310700000)]

Stack: [0x0000004310600000,0x0000004310700000],  sp=0x00000043106fdf60,  free space=1015k
Native frames: (J=compiled Java code, j=interpreted, Vv=VM code, C=native code)
C  0x00007ff8ac4048f5

Java frames: (J=compiled Java code, j=interpreted, Vv=VM code)
j  com.openalpr.jni.Alpr.native_recognize([B)Ljava/lang/String;+0 com.ceft.gestionparc.Controller
j  com.openalpr.jni.Alpr.recognize([B)Lcom/openalpr/jni/AlprResults;+2 com.ceft.gestionparc.Controller
j  com.ceft.gestionparc.Controller.CameraListe.grabFrame()Lorg/opencv/core/Mat;+110 com.ceft.gestionparc.Controller
j  com.ceft.gestionparc.Controller.CameraListe$1.run()V+4 com.ceft.gestionparc.Controller
j  java.util.concurrent.Executors$RunnableAdapter.call()Ljava/lang/Object;+4 java.base@15.0.2
j  java.util.concurrent.FutureTask.runAndReset()Z+44 java.base@15.0.2
j  java.util.concurrent.ScheduledThreadPoolExecutor$ScheduledFutureTask.run()V+35 java.base@15.0.2
j  java.util.concurrent.ThreadPoolExecutor.runWorker(Ljava/util/concurrent/ThreadPoolExecutor$Worker;)V+92 java.base@15.0.2
j  java.util.concurrent.ThreadPoolExecutor$Worker.run()V+5 java.base@15.0.2
j  java.lang.Thread.run()V+11 java.base@15.0.2
v  ~StubRoutines::call_stub

siginfo: EXCEPTION_ACCESS_VIOLATION (0xc0000005), reading address 0x0000000000000008


Register to memory mapping:

RIP=0x00007ff8ac4048f5 points into unknown readable memory: 44 38 61
RAX=0x0000787374c595f3 is an unknown value
RBX=0x00000043106fe840 is pointing into the stack for thread: 0x000001807e525a20
RCX=0x0 is NULL
RDX=0x00000043106fea80 is pointing into the stack for thread: 0x000001807e525a20
RSP=0x00000043106fdf60 is pointing into the stack for thread: 0x000001807e525a20
RBP=0x00000043106fe060 is pointing into the stack for thread: 0x000001807e525a20
RSI=0x0 is NULL
RDI=0x00000043106fea80 is pointing into the stack for thread: 0x000001807e525a20
R8 =0x00000043106fe840 is pointing into the stack for thread: 0x000001807e525a20
R9 =0x00000043106fe218 is pointing into the stack for thread: 0x000001807e525a20
R10=0x0000000000000080 is an unknown value
R11=0xbfeeeffdffffffdf is an unknown value
R12=0x0 is NULL
R13=0x0 is NULL
R14=0x00000043106fed30 is pointing into the stack for thread: 0x000001807e525a20
R15=0x000001807df6f3c0 points into unknown readable memory: 0x00007ff8ac58eb10 | 10 eb 58 ac f8 7f 00 00


Registers:
RAX=0x0000787374c595f3, RBX=0x00000043106fe840, RCX=0x0000000000000000, RDX=0x00000043106fea80
RSP=0x00000043106fdf60, RBP=0x00000043106fe060, RSI=0x0000000000000000, RDI=0x00000043106fea80
R8 =0x00000043106fe840, R9 =0x00000043106fe218, R10=0x0000000000000080, R11=0xbfeeeffdffffffdf
R12=0x0000000000000000, R13=0x0000000000000000, R14=0x00000043106fed30, R15=0x000001807df6f3c0
RIP=0x00007ff8ac4048f5, EFLAGS=0x0000000000010246

Top of Stack: (sp=0x00000043106fdf60)
0x00000043106fdf60:   0000000000000020 000001805ccd0cc0
0x00000043106fdf70:   000a9724000a8401 0000000000000000
0x00000043106fdf80:   0000000000000000 0000000000000020
0x00000043106fdf90:   0000000000000010 0000000000000004
0x00000043106fdfa0:   000001805cd50000 00000043106fe069
0x00000043106fdfb0:   0000000000000002 00007ff8fe2bb3c7
0x00000043106fdfc0:   0000018000000000 000c3c2600000000
0x00000043106fdfd0:   0000000000000010 000c88b200000000
0x00000043106fdfe0:   000caef8000c9bd5 000cd53e000cc21b
0x00000043106fdff0:   00000002000ce861 000d21ca000d0ea7
0x00000043106fe000:   000d4810000d34ed 000d6e56000d5b33
0x00000043106fe010:   000d949c000d8179 0000000000000000
0x00000043106fe020:   000de128000dce05 000e076e000df44b
0x00000043106fe030:   000e2db4000e1a91 000e53fa000e40d7
0x00000043106fe040:   fffffffffffffffe 00000043106fea80
0x00000043106fe050:   00000043106fe840 000eed12000ed9ef 

Instructions: (pc=0x00007ff8ac4048f5)
0x00007ff8ac4047f5:   94 00 00 00 ff 15 d9 79 18 00 48 8b c8 48 8d 15
0x00007ff8ac404805:   af ea 18 00 e8 d2 7f fb ff 48 8b c8 f3 0f 10 8f
0x00007ff8ac404815:   98 00 00 00 ff 15 b9 79 18 00 48 8b c8 48 8d 15
0x00007ff8ac404825:   8f ea 18 00 e8 b2 7f fb ff 48 8b c8 f3 0f 10 8f
0x00007ff8ac404835:   8c 00 00 00 ff 15 99 79 18 00 48 8b c8 48 8d 15
0x00007ff8ac404845:   6f ea 18 00 e8 92 7f fb ff 48 8b c8 f3 0f 10 8f
0x00007ff8ac404855:   90 00 00 00 ff 15 79 79 18 00 48 8b d3 48 8d 4c
0x00007ff8ac404865:   24 30 e8 34 66 fc ff 90 48 8d 8c 24 c8 00 00 00
0x00007ff8ac404875:   e8 a6 d7 fb ff 48 8d 8c 24 c8 00 00 00 ff 15 68
0x00007ff8ac404885:   7a 18 00 48 8b c3 4c 8d 9c 24 30 01 00 00 49 8b
0x00007ff8ac404895:   5b 18 49 8b 73 20 49 8b e3 5f c3 48 8b c4 55 53
0x00007ff8ac4048a5:   56 57 41 54 41 56 41 57 48 8d a8 b8 fe ff ff 48
0x00007ff8ac4048b5:   81 ec 10 02 00 00 48 c7 45 e0 fe ff ff ff 0f 29
0x00007ff8ac4048c5:   70 b8 0f 29 78 a8 48 8b 05 1e 0a 25 00 48 33 c4
0x00007ff8ac4048d5:   48 89 85 e0 00 00 00 49 8b d8 48 8b fa 48 8b f1
0x00007ff8ac4048e5:   48 89 55 e8 48 89 5d f0 45 33 e4 44 89 64 24 60
0x00007ff8ac4048f5:   44 38 61 08 75 63 48 8b 41 10 44 38 a0 fa 01 00
0x00007ff8ac404905:   00 74 23 48 8d 15 e1 e9 18 00 48 8b 0d ea 78 18
0x00007ff8ac404915:   00 e8 c5 7e fb ff 48 8b c8 48 8d 15 9b 84 fb ff
0x00007ff8ac404925:   ff 15 9d 79 18 00 48 8b d3 48 8b cf e8 0a 72 fd
0x00007ff8ac404935:   ff c7 44 24 60 01 00 00 00 48 8b cb e8 8a 5b fc
0x00007ff8ac404945:   ff 48 8b 4b 48 48 8d 53 50 48 3b ca 74 06 e8 0c
0x00007ff8ac404955:   8a 03 00 90 e9 03 03 00 00 66 41 0f 6e 50 0c 0f
0x00007ff8ac404965:   5b d2 f3 0f 10 49 78 f3 0f 5e ca 66 41 0f 6e 58
0x00007ff8ac404975:   08 0f 5b db f3 0f 10 41 7c f3 0f 5e c3 0f 28 f9
0x00007ff8ac404985:   f3 0f 59 b9 80 00 00 00 0f 28 f1 f3 0f 59 b1 84
0x00007ff8ac404995:   00 00 00 f3 0f 10 a9 94 00 00 00 f3 0f 5e e9 f3
0x00007ff8ac4049a5:   0f 10 a1 98 00 00 00 f3 0f 5e e0 f3 0f 10 81 90
0x00007ff8ac4049b5:   00 00 00 f3 0f 11 44 24 50 f3 0f 10 89 8c 00 00
0x00007ff8ac4049c5:   00 f3 0f 11 4c 24 48 f3 0f 11 64 24 40 f3 0f 11
0x00007ff8ac4049d5:   6c 24 38 f3 0f 10 81 88 00 00 00 f3 0f 11 44 24
0x00007ff8ac4049e5:   30 f3 0f 11 74 24 28 f3 0f 11 7c 24 20 48 8d 95 


Stack slot to memory mapping:
stack at sp + 0 slots: 0x0000000000000020 is an unknown value
stack at sp + 1 slots: 0x000001805ccd0cc0 points into unknown readable memory: 0x00000000012a0001 | 01 00 2a 01 00 00 00 00
stack at sp + 2 slots: 0x000a9724000a8401 is an unknown value
stack at sp + 3 slots: 0x0 is NULL
stack at sp + 4 slots: 0x0 is NULL
stack at sp + 5 slots: 0x0000000000000020 is an unknown value
stack at sp + 6 slots: 0x0000000000000010 is an unknown value
stack at sp + 7 slots: 0x0000000000000004 is an unknown value


---------------  P R O C E S S  ---------------

Threads class SMR info:
_java_thread_list=0x000001807deaec40, length=21, elements={
0x000001805cf68ba0, 0x000001807cfe2140, 0x000001807cfe2c20, 0x000001807cff8b30,
0x000001807cffb400, 0x000001807cffbcc0, 0x000001807cfff8d0, 0x000001807d970040,
0x000001807d03dc90, 0x000001807cfc0460, 0x000001807ddb2c10, 0x000001807db68550,
0x000001807dedbd40, 0x000001807e41ac90, 0x000001807e3f88b0, 0x000001807e5246e0,
0x000001807e524bb0, 0x000001807e526890, 0x000001807e525550, 0x000001807e525080,
0x000001807e525a20
}

Java Threads: ( => current thread )
  0x000001805cf68ba0 JavaThread "main" [_thread_blocked, id=9492, stack(0x000000430db00000,0x000000430dc00000)]
  0x000001807cfe2140 JavaThread "Reference Handler" daemon [_thread_blocked, id=5872, stack(0x000000430e200000,0x000000430e300000)]
  0x000001807cfe2c20 JavaThread "Finalizer" daemon [_thread_blocked, id=8728, stack(0x000000430e300000,0x000000430e400000)]
  0x000001807cff8b30 JavaThread "Signal Dispatcher" daemon [_thread_blocked, id=8236, stack(0x000000430e400000,0x000000430e500000)]
  0x000001807cffb400 JavaThread "Attach Listener" daemon [_thread_blocked, id=8716, stack(0x000000430e500000,0x000000430e600000)]
  0x000001807cffbcc0 JavaThread "Service Thread" daemon [_thread_blocked, id=3836, stack(0x000000430e600000,0x000000430e700000)]
  0x000001807cfff8d0 JavaThread "C2 CompilerThread0" daemon [_thread_blocked, id=1652, stack(0x000000430e700000,0x000000430e800000)]
  0x000001807d970040 JavaThread "C1 CompilerThread0" daemon [_thread_blocked, id=5428, stack(0x000000430e800000,0x000000430e900000)]
  0x000001807d03dc90 JavaThread "Sweeper thread" daemon [_thread_blocked, id=6512, stack(0x000000430e900000,0x000000430ea00000)]
  0x000001807cfc0460 JavaThread "Common-Cleaner" daemon [_thread_blocked, id=8752, stack(0x000000430eb00000,0x000000430ec00000)]
  0x000001807ddb2c10 JavaThread "Monitor Ctrl-Break" daemon [_thread_in_native, id=3340, stack(0x000000430ee00000,0x000000430ef00000)]
  0x000001807db68550 JavaThread "Notification Thread" daemon [_thread_blocked, id=8312, stack(0x000000430ef00000,0x000000430f000000)]
  0x000001807dedbd40 JavaThread "QuantumRenderer-0" daemon [_thread_blocked, id=1124, stack(0x000000430ea00000,0x000000430eb00000)]
  0x000001807e41ac90 JavaThread "InvokeLaterDispatcher" daemon [_thread_blocked, id=1728, stack(0x000000430f100000,0x000000430f200000)]
  0x000001807e3f88b0 JavaThread "JavaFX Application Thread" [_thread_in_native, id=8480, stack(0x000000430f200000,0x000000430f300000)]
  0x000001807e5246e0 JavaThread "Thread-1" daemon [_thread_in_native, id=9284, stack(0x000000430f600000,0x000000430f700000)]
  0x000001807e524bb0 JavaThread "JavaFX-Launcher" [_thread_blocked, id=9832, stack(0x000000430f800000,0x000000430f900000)]
  0x000001807e526890 JavaThread "Prism Font Disposer" daemon [_thread_blocked, id=9520, stack(0x000000430fd00000,0x000000430fe00000)]
  0x000001807e525550 JavaThread "Cleaner-0" daemon [_thread_blocked, id=8656, stack(0x000000430f900000,0x000000430fa00000)]
  0x000001807e525080 JavaThread "mysql-cj-abandoned-connection-cleanup" daemon [_thread_blocked, id=1120, stack(0x000000430fe00000,0x000000430ff00000)]
=>0x000001807e525a20 JavaThread "pool-2-thread-1" [_thread_in_native, id=2768, stack(0x0000004310600000,0x0000004310700000)]

Other Threads:
  0x000001807cfd9f70 VMThread "VM Thread" [stack: 0x000000430e100000,0x000000430e200000] [id=8732]
  0x000001807dd82ce0 WatcherThread [stack: 0x000000430f000000,0x000000430f100000] [id=9928]
  0x000001805cfa8650 GCTaskThread "GC Thread#0" [stack: 0x000000430dc00000,0x000000430dd00000] [id=2388]
  0x000001807dc57fe0 GCTaskThread "GC Thread#1" [stack: 0x000000430ec00000,0x000000430ed00000] [id=5444]
  0x000001807dc58310 GCTaskThread "GC Thread#2" [stack: 0x000000430ed00000,0x000000430ee00000] [id=3532]
  0x000001807ddac1b0 GCTaskThread "GC Thread#3" [stack: 0x0000004310000000,0x0000004310100000] [id=1784]
  0x000001805cfba180 ConcurrentGCThread "G1 Main Marker" [stack: 0x000000430dd00000,0x000000430de00000] [id=7568]
  0x000001805cfbad00 ConcurrentGCThread "G1 Conc#0" [stack: 0x000000430de00000,0x000000430df00000] [id=7920]
  0x000001805d01d1a0 ConcurrentGCThread "G1 Refine#0" [stack: 0x000000430df00000,0x000000430e000000] [id=9912]
  0x000001807f71a130 ConcurrentGCThread "G1 Refine#1" [stack: 0x0000004310100000,0x0000004310200000] [id=4916]
  0x000001805d01ea80 ConcurrentGCThread "G1 Young RemSet Sampling" [stack: 0x000000430e000000,0x000000430e100000] [id=7192]

Threads with active compile tasks:

VM state: not at safepoint (normal execution)

VM Mutex/Monitor currently owned by a thread: None

Heap address: 0x0000000083600000, size: 1994 MB, Compressed Oops mode: 32-bit
CDS archive(s) mapped at: [0x0000000800000000-0x0000000800b50000-0x0000000800b50000), size 11862016, SharedBaseAddress: 0x0000000800000000, ArchiveRelocationMode: 0.
Compressed class space mapped at: 0x0000000800b50000-0x0000000840b50000, size: 1073741824
Narrow klass base: 0x0000000800000000, Narrow klass shift: 3, Narrow klass range: 0x100000000

GC Precious Log:
 CPUs: 4 total, 4 available
 Memory: 7971M
 Large Page Support: Disabled
 NUMA Support: Disabled
 Compressed Oops: Enabled (32-bit)
 Heap Region Size: 1M
 Heap Min Capacity: 8M
 Heap Initial Capacity: 126M
 Heap Max Capacity: 1994M
 Pre-touch: Disabled
 Parallel Workers: 4
 Concurrent Workers: 1
 Concurrent Refinement Workers: 4
 Periodic GC: Disabled

Heap:
 garbage-first heap   total 112640K, used 58657K [0x0000000083600000, 0x0000000100000000)
  region size 1024K, 6 young (6144K), 2 survivors (2048K)
 Metaspace       used 23690K, capacity 24072K, committed 24192K, reserved 1071104K
  class space    used 3057K, capacity 3195K, committed 3200K, reserved 1048576K

Heap Regions: E=young(eden), S=young(survivor), O=old, HS=humongous(starts), HC=humongous(continues), CS=collection set, F=free, OA=open archive, CA=closed archive, TAMS=top-at-mark-start (previous, next)
|   0|0x0000000083600000, 0x0000000083700000, 0x0000000083700000|100%|HS|  |TAMS 0x0000000083600000, 0x0000000083600000| Complete 
|   1|0x0000000083700000, 0x0000000083800000, 0x0000000083800000|100%|HS|  |TAMS 0x0000000083700000, 0x0000000083700000| Complete 
|   2|0x0000000083800000, 0x0000000083900000, 0x0000000083900000|100%|HS|  |TAMS 0x0000000083900000, 0x0000000083800000| Complete 
|   3|0x0000000083900000, 0x0000000083a00000, 0x0000000083a00000|100%|HC|  |TAMS 0x0000000083a00000, 0x0000000083900000| Complete 
|   4|0x0000000083a00000, 0x0000000083b00000, 0x0000000083b00000|100%|HC|  |TAMS 0x0000000083b00000, 0x0000000083a00000| Complete 
|   5|0x0000000083b00000, 0x0000000083c00000, 0x0000000083c00000|100%|HS|  |TAMS 0x0000000083c00000, 0x0000000083b00000| Complete 
|   6|0x0000000083c00000, 0x0000000083d00000, 0x0000000083d00000|100%|HC|  |TAMS 0x0000000083d00000, 0x0000000083c00000| Complete 
|   7|0x0000000083d00000, 0x0000000083e00000, 0x0000000083e00000|100%|HS|  |TAMS 0x0000000083e00000, 0x0000000083d00000| Complete 
|   8|0x0000000083e00000, 0x0000000083f00000, 0x0000000083f00000|100%|HC|  |TAMS 0x0000000083f00000, 0x0000000083e00000| Complete 
|   9|0x0000000083f00000, 0x0000000084000000, 0x0000000084000000|100%|HS|  |TAMS 0x0000000084000000, 0x0000000083f00000| Complete 
|  10|0x0000000084000000, 0x0000000084100000, 0x0000000084100000|100%|HC|  |TAMS 0x0000000084100000, 0x0000000084000000| Complete 
|  11|0x0000000084100000, 0x0000000084200000, 0x0000000084200000|100%|HS|  |TAMS 0x0000000084200000, 0x0000000084100000| Complete 
|  12|0x0000000084200000, 0x0000000084300000, 0x0000000084300000|100%|HC|  |TAMS 0x0000000084300000, 0x0000000084200000| Complete 
|  13|0x0000000084300000, 0x0000000084400000, 0x0000000084400000|100%|HS|  |TAMS 0x0000000084400000, 0x0000000084300000| Complete 
|  14|0x0000000084400000, 0x0000000084500000, 0x0000000084500000|100%|HC|  |TAMS 0x0000000084500000, 0x0000000084400000| Complete 
|  15|0x0000000084500000, 0x0000000084600000, 0x0000000084600000|100%|HS|  |TAMS 0x0000000084600000, 0x0000000084500000| Complete 
|  16|0x0000000084600000, 0x0000000084700000, 0x0000000084700000|100%|HC|  |TAMS 0x0000000084700000, 0x0000000084600000| Complete 
|  17|0x0000000084700000, 0x0000000084800000, 0x0000000084800000|100%|HS|  |TAMS 0x0000000084800000, 0x0000000084700000| Complete 
|  18|0x0000000084800000, 0x0000000084900000, 0x0000000084900000|100%|HC|  |TAMS 0x0000000084900000, 0x0000000084800000| Complete 
|  19|0x0000000084900000, 0x0000000084a00000, 0x0000000084a00000|100%| O|  |TAMS 0x0000000084a00000, 0x0000000084900000| Untracked 
|  20|0x0000000084a00000, 0x0000000084b00000, 0x0000000084b00000|100%| O|  |TAMS 0x0000000084b00000, 0x0000000084a00000| Untracked 
|  21|0x0000000084b00000, 0x0000000084c00000, 0x0000000084c00000|100%| O|  |TAMS 0x0000000084c00000, 0x0000000084b00000| Untracked 
|  22|0x0000000084c00000, 0x0000000084d00000, 0x0000000084d00000|100%| O|  |TAMS 0x0000000084d00000, 0x0000000084c00000| Untracked 
|  23|0x0000000084d00000, 0x0000000084e00000, 0x0000000084e00000|100%| O|  |TAMS 0x0000000084e00000, 0x0000000084d00000| Untracked 
|  24|0x0000000084e00000, 0x0000000084f00000, 0x0000000084f00000|100%| O|  |TAMS 0x0000000084f00000, 0x0000000084e00000| Untracked 
|  25|0x0000000084f00000, 0x0000000085000000, 0x0000000085000000|100%| O|  |TAMS 0x0000000085000000, 0x0000000084f00000| Untracked 
|  26|0x0000000085000000, 0x0000000085100000, 0x0000000085100000|100%| O|  |TAMS 0x0000000085100000, 0x0000000085000000| Untracked 
|  27|0x0000000085100000, 0x0000000085200000, 0x0000000085200000|100%| O|  |TAMS 0x0000000085200000, 0x0000000085100000| Untracked 
|  28|0x0000000085200000, 0x0000000085300000, 0x0000000085300000|100%| O|  |TAMS 0x0000000085300000, 0x0000000085200000| Untracked 
|  29|0x0000000085300000, 0x0000000085400000, 0x0000000085400000|100%| O|  |TAMS 0x0000000085400000, 0x0000000085300000| Untracked 
|  30|0x0000000085400000, 0x00000000854bb800, 0x0000000085500000| 73%| O|  |TAMS 0x00000000854bb800, 0x0000000085400000| Untracked 
|  31|0x0000000085500000, 0x0000000085600000, 0x0000000085600000|100%|HS|  |TAMS 0x0000000085600000, 0x0000000085500000| Complete 
|  32|0x0000000085600000, 0x0000000085700000, 0x0000000085700000|100%|HC|  |TAMS 0x0000000085700000, 0x0000000085600000| Complete 
|  33|0x0000000085700000, 0x0000000085800000, 0x0000000085800000|100%|HS|  |TAMS 0x0000000085800000, 0x0000000085700000| Complete 
|  34|0x0000000085800000, 0x0000000085900000, 0x0000000085900000|100%|HC|  |TAMS 0x0000000085900000, 0x0000000085800000| Complete 
|  35|0x0000000085900000, 0x0000000085a00000, 0x0000000085a00000|100%|HS|  |TAMS 0x0000000085a00000, 0x0000000085900000| Complete 
|  36|0x0000000085a00000, 0x0000000085b00000, 0x0000000085b00000|100%|HC|  |TAMS 0x0000000085b00000, 0x0000000085a00000| Complete 
|  37|0x0000000085b00000, 0x0000000085c00000, 0x0000000085c00000|100%|HS|  |TAMS 0x0000000085c00000, 0x0000000085b00000| Complete 
|  38|0x0000000085c00000, 0x0000000085d00000, 0x0000000085d00000|100%|HC|  |TAMS 0x0000000085d00000, 0x0000000085c00000| Complete 
|  39|0x0000000085d00000, 0x0000000085e00000, 0x0000000085e00000|100%|HS|  |TAMS 0x0000000085e00000, 0x0000000085d00000| Complete 
|  40|0x0000000085e00000, 0x0000000085f00000, 0x0000000085f00000|100%|HC|  |TAMS 0x0000000085f00000, 0x0000000085e00000| Complete 
|  41|0x0000000085f00000, 0x0000000086000000, 0x0000000086000000|100%|HS|  |TAMS 0x0000000086000000, 0x0000000085f00000| Complete 
|  42|0x0000000086000000, 0x0000000086100000, 0x0000000086100000|100%|HC|  |TAMS 0x0000000086100000, 0x0000000086000000| Complete 
|  43|0x0000000086100000, 0x0000000086200000, 0x0000000086200000|100%|HS|  |TAMS 0x0000000086200000, 0x0000000086100000| Complete 
|  44|0x0000000086200000, 0x0000000086300000, 0x0000000086300000|100%|HC|  |TAMS 0x0000000086300000, 0x0000000086200000| Complete 
|  45|0x0000000086300000, 0x0000000086400000, 0x0000000086400000|100%|HS|  |TAMS 0x0000000086400000, 0x0000000086300000| Complete 
|  46|0x0000000086400000, 0x0000000086500000, 0x0000000086500000|100%|HS|  |TAMS 0x0000000086500000, 0x0000000086400000| Complete 
|  47|0x0000000086500000, 0x0000000086600000, 0x0000000086600000|100%|HC|  |TAMS 0x0000000086600000, 0x0000000086500000| Complete 
|  48|0x0000000086600000, 0x0000000086700000, 0x0000000086700000|100%|HS|  |TAMS 0x0000000086600000, 0x0000000086600000| Complete 
|  49|0x0000000086700000, 0x0000000086800000, 0x0000000086800000|100%|HC|  |TAMS 0x0000000086700000, 0x0000000086700000| Complete 
|  50|0x0000000086800000, 0x0000000086800000, 0x0000000086900000|  0%| F|  |TAMS 0x0000000086800000, 0x0000000086800000| Untracked 
|  51|0x0000000086900000, 0x0000000086a00000, 0x0000000086a00000|100%|HS|  |TAMS 0x0000000086a00000, 0x0000000086900000| Complete 
|  52|0x0000000086a00000, 0x0000000086b00000, 0x0000000086b00000|100%|HC|  |TAMS 0x0000000086b00000, 0x0000000086a00000| Complete 
|  53|0x0000000086b00000, 0x0000000086c00000, 0x0000000086c00000|100%|HC|  |TAMS 0x0000000086c00000, 0x0000000086b00000| Complete 
|  54|0x0000000086c00000, 0x0000000086c00000, 0x0000000086d00000|  0%| F|  |TAMS 0x0000000086c00000, 0x0000000086c00000| Untracked 
|  55|0x0000000086d00000, 0x0000000086d00000, 0x0000000086e00000|  0%| F|  |TAMS 0x0000000086d00000, 0x0000000086d00000| Untracked 
|  56|0x0000000086e00000, 0x0000000086e00000, 0x0000000086f00000|  0%| F|  |TAMS 0x0000000086e00000, 0x0000000086e00000| Untracked 
|  57|0x0000000086f00000, 0x0000000086f00000, 0x0000000087000000|  0%| F|  |TAMS 0x0000000086f00000, 0x0000000086f00000| Untracked 
|  58|0x0000000087000000, 0x0000000087000000, 0x0000000087100000|  0%| F|  |TAMS 0x0000000087000000, 0x0000000087000000| Untracked 
|  59|0x0000000087100000, 0x0000000087100000, 0x0000000087200000|  0%| F|  |TAMS 0x0000000087100000, 0x0000000087100000| Untracked 
|  60|0x0000000087200000, 0x0000000087200000, 0x0000000087300000|  0%| F|  |TAMS 0x0000000087200000, 0x0000000087200000| Untracked 
|  61|0x0000000087300000, 0x0000000087300000, 0x0000000087400000|  0%| F|  |TAMS 0x0000000087300000, 0x0000000087300000| Untracked 
|  62|0x0000000087400000, 0x0000000087400000, 0x0000000087500000|  0%| F|  |TAMS 0x0000000087400000, 0x0000000087400000| Untracked 
|  63|0x0000000087500000, 0x0000000087500000, 0x0000000087600000|  0%| F|  |TAMS 0x0000000087500000, 0x0000000087500000| Untracked 
|  64|0x0000000087600000, 0x0000000087600000, 0x0000000087700000|  0%| F|  |TAMS 0x0000000087600000, 0x0000000087600000| Untracked 
|  65|0x0000000087700000, 0x0000000087700000, 0x0000000087800000|  0%| F|  |TAMS 0x0000000087700000, 0x0000000087700000| Untracked 
|  66|0x0000000087800000, 0x0000000087800000, 0x0000000087900000|  0%| F|  |TAMS 0x0000000087800000, 0x0000000087800000| Untracked 
|  67|0x0000000087900000, 0x0000000087900000, 0x0000000087a00000|  0%| F|  |TAMS 0x0000000087900000, 0x0000000087900000| Untracked 
|  68|0x0000000087a00000, 0x0000000087a00000, 0x0000000087b00000|  0%| F|  |TAMS 0x0000000087a00000, 0x0000000087a00000| Untracked 
|  69|0x0000000087b00000, 0x0000000087b00000, 0x0000000087c00000|  0%| F|  |TAMS 0x0000000087b00000, 0x0000000087b00000| Untracked 
|  70|0x0000000087c00000, 0x0000000087c00000, 0x0000000087d00000|  0%| F|  |TAMS 0x0000000087c00000, 0x0000000087c00000| Untracked 
|  71|0x0000000087d00000, 0x0000000087d00000, 0x0000000087e00000|  0%| F|  |TAMS 0x0000000087d00000, 0x0000000087d00000| Untracked 
|  72|0x0000000087e00000, 0x0000000087e00000, 0x0000000087f00000|  0%| F|  |TAMS 0x0000000087e00000, 0x0000000087e00000| Untracked 
|  73|0x0000000087f00000, 0x0000000087f00000, 0x0000000088000000|  0%| F|  |TAMS 0x0000000087f00000, 0x0000000087f00000| Untracked 
|  74|0x0000000088000000, 0x0000000088000000, 0x0000000088100000|  0%| F|  |TAMS 0x0000000088000000, 0x0000000088000000| Untracked 
|  75|0x0000000088100000, 0x0000000088100000, 0x0000000088200000|  0%| F|  |TAMS 0x0000000088100000, 0x0000000088100000| Untracked 
|  76|0x0000000088200000, 0x0000000088200000, 0x0000000088300000|  0%| F|  |TAMS 0x0000000088200000, 0x0000000088200000| Untracked 
|  77|0x0000000088300000, 0x0000000088300000, 0x0000000088400000|  0%| F|  |TAMS 0x0000000088300000, 0x0000000088300000| Untracked 
|  78|0x0000000088400000, 0x0000000088400000, 0x0000000088500000|  0%| F|  |TAMS 0x0000000088400000, 0x0000000088400000| Untracked 
|  79|0x0000000088500000, 0x0000000088500000, 0x0000000088600000|  0%| F|  |TAMS 0x0000000088500000, 0x0000000088500000| Untracked 
|  80|0x0000000088600000, 0x0000000088600000, 0x0000000088700000|  0%| F|  |TAMS 0x0000000088600000, 0x0000000088600000| Untracked 
|  81|0x0000000088700000, 0x0000000088700000, 0x0000000088800000|  0%| F|  |TAMS 0x0000000088700000, 0x0000000088700000| Untracked 
|  82|0x0000000088800000, 0x0000000088800000, 0x0000000088900000|  0%| F|  |TAMS 0x0000000088800000, 0x0000000088800000| Untracked 
|  83|0x0000000088900000, 0x0000000088900000, 0x0000000088a00000|  0%| F|  |TAMS 0x0000000088900000, 0x0000000088900000| Untracked 
|  84|0x0000000088a00000, 0x0000000088a00000, 0x0000000088b00000|  0%| F|  |TAMS 0x0000000088a00000, 0x0000000088a00000| Untracked 
|  85|0x0000000088b00000, 0x0000000088b00000, 0x0000000088c00000|  0%| F|  |TAMS 0x0000000088b00000, 0x0000000088b00000| Untracked 
|  86|0x0000000088c00000, 0x0000000088c00000, 0x0000000088d00000|  0%| F|  |TAMS 0x0000000088c00000, 0x0000000088c00000| Untracked 
|  87|0x0000000088d00000, 0x0000000088d00000, 0x0000000088e00000|  0%| F|  |TAMS 0x0000000088d00000, 0x0000000088d00000| Untracked 
|  88|0x0000000088e00000, 0x0000000088e00000, 0x0000000088f00000|  0%| F|  |TAMS 0x0000000088e00000, 0x0000000088e00000| Untracked 
|  89|0x0000000088f00000, 0x0000000088f00000, 0x0000000089000000|  0%| F|  |TAMS 0x0000000088f00000, 0x0000000088f00000| Untracked 
|  90|0x0000000089000000, 0x0000000089000000, 0x0000000089100000|  0%| F|  |TAMS 0x0000000089000000, 0x0000000089000000| Untracked 
|  91|0x0000000089100000, 0x0000000089100000, 0x0000000089200000|  0%| F|  |TAMS 0x0000000089100000, 0x0000000089100000| Untracked 
|  92|0x0000000089200000, 0x0000000089200000, 0x0000000089300000|  0%| F|  |TAMS 0x0000000089200000, 0x0000000089200000| Untracked 
|  93|0x0000000089300000, 0x0000000089300000, 0x0000000089400000|  0%| F|  |TAMS 0x0000000089300000, 0x0000000089300000| Untracked 
|  94|0x0000000089400000, 0x0000000089400000, 0x0000000089500000|  0%| F|  |TAMS 0x0000000089400000, 0x0000000089400000| Untracked 
|  95|0x0000000089500000, 0x0000000089500000, 0x0000000089600000|  0%| F|  |TAMS 0x0000000089500000, 0x0000000089500000| Untracked 
|  96|0x0000000089600000, 0x0000000089600000, 0x0000000089700000|  0%| F|  |TAMS 0x0000000089600000, 0x0000000089600000| Untracked 
|  97|0x0000000089700000, 0x0000000089700000, 0x0000000089800000|  0%| F|  |TAMS 0x0000000089700000, 0x0000000089700000| Untracked 
|  98|0x0000000089800000, 0x0000000089800000, 0x0000000089900000|  0%| F|  |TAMS 0x0000000089800000, 0x0000000089800000| Untracked 
|  99|0x0000000089900000, 0x0000000089900000, 0x0000000089a00000|  0%| F|  |TAMS 0x0000000089900000, 0x0000000089900000| Untracked 
| 100|0x0000000089a00000, 0x0000000089a00000, 0x0000000089b00000|  0%| F|  |TAMS 0x0000000089a00000, 0x0000000089a00000| Untracked 
| 101|0x0000000089b00000, 0x0000000089b8cf80, 0x0000000089c00000| 55%| S|CS|TAMS 0x0000000089b00000, 0x0000000089b00000| Complete 
| 102|0x0000000089c00000, 0x0000000089d00000, 0x0000000089d00000|100%| S|CS|TAMS 0x0000000089c00000, 0x0000000089c00000| Complete 
| 103|0x0000000089d00000, 0x0000000089d00000, 0x0000000089e00000|  0%| F|  |TAMS 0x0000000089d00000, 0x0000000089d00000| Untracked 
| 104|0x0000000089e00000, 0x0000000089e00000, 0x0000000089f00000|  0%| F|  |TAMS 0x0000000089e00000, 0x0000000089e00000| Untracked 
| 105|0x0000000089f00000, 0x0000000089f00000, 0x000000008a000000|  0%| F|  |TAMS 0x0000000089f00000, 0x0000000089f00000| Untracked 
| 106|0x000000008a000000, 0x000000008a100000, 0x000000008a100000|100%| E|  |TAMS 0x000000008a000000, 0x000000008a000000| Complete 
| 107|0x000000008a100000, 0x000000008a200000, 0x000000008a200000|100%| E|CS|TAMS 0x000000008a100000, 0x000000008a100000| Complete 
| 123|0x000000008b100000, 0x000000008b200000, 0x000000008b200000|100%| E|CS|TAMS 0x000000008b100000, 0x000000008b100000| Complete 
| 125|0x000000008b300000, 0x000000008b400000, 0x000000008b400000|100%| E|CS|TAMS 0x000000008b300000, 0x000000008b300000| Complete 

Card table byte_map: [0x0000018076370000,0x0000018076760000] _byte_map_base: 0x0000018075f55000

Marking Bits (Prev, Next): (CMBitMap*) 0x000001805cfa9de0, (CMBitMap*) 0x000001805cfa9e20
 Prev Bits: [0x0000018076b50000, 0x0000018078a78000)
 Next Bits: [0x0000018078a80000, 0x000001807a9a8000)

Polling page: 0x000001805cd40000

Metaspace:

Usage:
  Non-class:     20.39 MB capacity,    20.15 MB ( 99%) used,   209.38 KB (  1%) free+waste,    34.69 KB ( <1%) overhead. 
      Class:      3.12 MB capacity,     2.99 MB ( 96%) used,   123.66 KB (  4%) free+waste,    14.12 KB ( <1%) overhead. 
       Both:     23.51 MB capacity,    23.13 MB ( 98%) used,   333.03 KB (  1%) free+waste,    48.81 KB ( <1%) overhead. 

Virtual space:
  Non-class space:       22.00 MB reserved,      20.50 MB ( 93%) committed 
      Class space:        1.00 GB reserved,       3.12 MB ( <1%) committed 
             Both:        1.02 GB reserved,      23.62 MB (  2%) committed 

Chunk freelists:
   Non-Class:  51.00 KB
       Class:  5.00 KB
        Both:  56.00 KB

MaxMetaspaceSize: 17179869184.00 GB
CompressedClassSpaceSize: 1.00 GB

CodeHeap 'non-profiled nmethods': size=120000Kb used=1735Kb max_used=1735Kb free=118264Kb
 bounds [0x000001806e410000, 0x000001806e680000, 0x0000018075940000]
CodeHeap 'profiled nmethods': size=120000Kb used=7915Kb max_used=7915Kb free=112084Kb
 bounds [0x0000018066ee0000, 0x00000180676a0000, 0x000001806e410000]
CodeHeap 'non-nmethods': size=5760Kb used=1509Kb max_used=1525Kb free=4250Kb
 bounds [0x0000018066940000, 0x0000018066bb0000, 0x0000018066ee0000]
 total_blobs=4775 nmethods=3916 adapters=770
 compilation: enabled
              stopped_count=0, restarted_count=0
 full_count=0

Compilation events (20 events):
Event: 21.822 Thread 0x000001807d970040 nmethod 3910 0x0000018067696f90 code [0x0000018067697280, 0x0000018067698a38]
Event: 21.829 Thread 0x000001807cfff8d0 nmethod 3909 0x000001806e5c0a90 code [0x000001806e5c0c80, 0x000001806e5c10c8]
Event: 21.830 Thread 0x000001807d970040 3911   !   3       javafx.scene.Node::sceneToLocal (13 bytes)
Event: 21.831 Thread 0x000001807d970040 nmethod 3911 0x0000018067699010 code [0x00000180676991c0, 0x0000018067699328]
Event: 21.833 Thread 0x000001807d970040 3912       3       com.sun.prism.impl.ps.BaseShaderContext::resetLastClip (6 bytes)
Event: 21.833 Thread 0x000001807cfff8d0 3913       4       com.sun.javafx.geom.transform.GeneralTransform3D::get (34 bytes)
Event: 21.833 Thread 0x000001807d970040 nmethod 3912 0x0000018067699410 code [0x00000180676995a0, 0x00000180676996d8]
Event: 21.835 Thread 0x000001807cfff8d0 nmethod 3913 0x000001806e5c1590 code [0x000001806e5c1700, 0x000001806e5c1798]
Event: 21.863 Thread 0x000001807d970040 3914       3       com.sun.javafx.scene.NodeHelper::processCSSImpl (10 bytes)
Event: 21.864 Thread 0x000001807d970040 nmethod 3914 0x0000018067699790 code [0x0000018067699940, 0x0000018067699b28]
Event: 21.864 Thread 0x000001807d970040 3915       3       javafx.scene.Node$1::doProcessCSS (5 bytes)
Event: 21.864 Thread 0x000001807d970040 nmethod 3915 0x0000018067699c90 code [0x0000018067699e40, 0x0000018067699f68]
Event: 21.864 Thread 0x000001807d970040 3916       3       javafx.geometry.Insets::equals (75 bytes)
Event: 21.865 Thread 0x000001807d970040 nmethod 3916 0x000001806769a010 code [0x000001806769a1c0, 0x000001806769a718]
Event: 21.865 Thread 0x000001807d970040 3919       3       com.sun.javafx.sg.prism.NGRegion::computeRenderRoot (37 bytes)
Event: 21.866 Thread 0x000001807d970040 nmethod 3919 0x000001806769a810 code [0x000001806769a9c0, 0x000001806769abb8]
Event: 21.866 Thread 0x000001807d970040 3917       1       com.sun.prism.PresentableState::getWidth (5 bytes)
Event: 21.867 Thread 0x000001807d970040 nmethod 3917 0x000001806e5c1890 code [0x000001806e5c1a20, 0x000001806e5c1ad8]
Event: 21.867 Thread 0x000001807d970040 3918       1       com.sun.prism.PresentableState::getHeight (5 bytes)
Event: 21.867 Thread 0x000001807d970040 nmethod 3918 0x000001806e5c1b90 code [0x000001806e5c1d20, 0x000001806e5c1dd8]

GC Heap History (14 events):
Event: 0.651 GC heap before
{Heap before GC invocations=0 (full 0):
 garbage-first heap   total 129024K, used 13312K [0x0000000083600000, 0x0000000100000000)
  region size 1024K, 13 young (13312K), 0 survivors (0K)
 Metaspace       used 1070K, capacity 4495K, committed 4864K, reserved 1056768K
  class space    used 98K, capacity 389K, committed 512K, reserved 1048576K
}
Event: 0.654 GC heap after
{Heap after GC invocations=1 (full 0):
 garbage-first heap   total 129024K, used 859K [0x0000000083600000, 0x0000000100000000)
  region size 1024K, 1 young (1024K), 1 survivors (1024K)
 Metaspace       used 1070K, capacity 4495K, committed 4864K, reserved 1056768K
  class space    used 98K, capacity 389K, committed 512K, reserved 1048576K
}
Event: 0.895 GC heap before
{Heap before GC invocations=1 (full 0):
 garbage-first heap   total 129024K, used 19291K [0x0000000083600000, 0x0000000100000000)
  region size 1024K, 19 young (19456K), 1 survivors (1024K)
 Metaspace       used 1147K, capacity 4495K, committed 4864K, reserved 1056768K
  class space    used 98K, capacity 389K, committed 512K, reserved 1048576K
}
Event: 0.897 GC heap after
{Heap after GC invocations=2 (full 0):
 garbage-first heap   total 129024K, used 969K [0x0000000083600000, 0x0000000100000000)
  region size 1024K, 1 young (1024K), 1 survivors (1024K)
 Metaspace       used 1147K, capacity 4495K, committed 4864K, reserved 1056768K
  class space    used 98K, capacity 389K, committed 512K, reserved 1048576K
}
Event: 14.858 GC heap before
{Heap before GC invocations=2 (full 0):
 garbage-first heap   total 129024K, used 96201K [0x0000000083600000, 0x0000000100000000)
  region size 1024K, 75 young (76800K), 1 survivors (1024K)
 Metaspace       used 20305K, capacity 20671K, committed 20992K, reserved 1067008K
  class space    used 2622K, capacity 2745K, committed 2816K, reserved 1048576K
}
Event: 14.879 GC heap after
{Heap after GC invocations=3 (full 0):
 garbage-first heap   total 129024K, used 31771K [0x0000000083600000, 0x0000000100000000)
  region size 1024K, 10 young (10240K), 10 survivors (10240K)
 Metaspace       used 20305K, capacity 20671K, committed 20992K, reserved 1067008K
  class space    used 2622K, capacity 2745K, committed 2816K, reserved 1048576K
}
Event: 14.926 GC heap before
{Heap before GC invocations=3 (full 0):
 garbage-first heap   total 129024K, used 32795K [0x0000000083600000, 0x0000000100000000)
  region size 1024K, 12 young (12288K), 10 survivors (10240K)
 Metaspace       used 20647K, capacity 20991K, committed 21248K, reserved 1067008K
  class space    used 2692K, capacity 2809K, committed 2816K, reserved 1048576K
}
Event: 14.939 GC heap after
{Heap after GC invocations=4 (full 0):
 garbage-first heap   total 129024K, used 32468K [0x0000000083600000, 0x0000000100000000)
  region size 1024K, 1 young (1024K), 1 survivors (1024K)
 Metaspace       used 20647K, capacity 20991K, committed 21248K, reserved 1067008K
  class space    used 2692K, capacity 2809K, committed 2816K, reserved 1048576K
}
Event: 19.991 GC heap before
{Heap before GC invocations=5 (full 0):
 garbage-first heap   total 112640K, used 58068K [0x0000000083600000, 0x0000000100000000)
  region size 1024K, 11 young (11264K), 1 survivors (1024K)
 Metaspace       used 22308K, capacity 22661K, committed 22784K, reserved 1069056K
  class space    used 2936K, capacity 3066K, committed 3072K, reserved 1048576K
}
Event: 19.994 GC heap after
{Heap after GC invocations=6 (full 0):
 garbage-first heap   total 112640K, used 50163K [0x0000000083600000, 0x0000000100000000)
  region size 1024K, 2 young (2048K), 2 survivors (2048K)
 Metaspace       used 22308K, capacity 22661K, committed 22784K, reserved 1069056K
  class space    used 2936K, capacity 3066K, committed 3072K, reserved 1048576K
}
Event: 20.070 GC heap before
{Heap before GC invocations=7 (full 0):
 garbage-first heap   total 112640K, used 51187K [0x0000000083600000, 0x0000000100000000)
  region size 1024K, 3 young (3072K), 2 survivors (2048K)
 Metaspace       used 22542K, capacity 22876K, committed 23168K, reserved 1069056K
  class space    used 2954K, capacity 3095K, committed 3200K, reserved 1048576K
}
Event: 20.073 GC heap after
{Heap after GC invocations=8 (full 0):
 garbage-first heap   total 112640K, used 51041K [0x0000000083600000, 0x0000000100000000)
  region size 1024K, 2 young (2048K), 2 survivors (2048K)
 Metaspace       used 22542K, capacity 22876K, committed 23168K, reserved 1069056K
  class space    used 2954K, capacity 3095K, committed 3200K, reserved 1048576K
}
Event: 20.592 GC heap before
{Heap before GC invocations=9 (full 0):
 garbage-first heap   total 112640K, used 57185K [0x0000000083600000, 0x0000000100000000)
  region size 1024K, 7 young (7168K), 2 survivors (2048K)
 Metaspace       used 23638K, capacity 24008K, committed 24192K, reserved 1071104K
  class space    used 3056K, capacity 3195K, committed 3200K, reserved 1048576K
}
Event: 20.595 GC heap after
{Heap after GC invocations=10 (full 0):
 garbage-first heap   total 112640K, used 51489K [0x0000000083600000, 0x0000000100000000)
  region size 1024K, 2 young (2048K), 2 survivors (2048K)
 Metaspace       used 23638K, capacity 24008K, committed 24192K, reserved 1071104K
  class space    used 3056K, capacity 3195K, committed 3200K, reserved 1048576K
}

Deoptimization events (20 events):
Event: 20.563 Thread 0x000001807e525a20 DEOPT PACKING pc=0x0000018067662560 sp=0x00000043106fee30
Event: 20.563 Thread 0x000001807e525a20 DEOPT UNPACKING pc=0x000001806698e23f sp=0x00000043106fe318 mode 0
Event: 20.563 Thread 0x000001807e525a20 DEOPT PACKING pc=0x000001806766ace5 sp=0x00000043106fefd0
Event: 20.563 Thread 0x000001807e525a20 DEOPT UNPACKING pc=0x000001806698e23f sp=0x00000043106fe458 mode 0
Event: 20.564 Thread 0x000001807e525a20 DEOPT PACKING pc=0x0000018067664a68 sp=0x00000043106fee10
Event: 20.564 Thread 0x000001807e525a20 DEOPT UNPACKING pc=0x000001806698e23f sp=0x00000043106fe318 mode 0
Event: 20.565 Thread 0x000001807e525a20 DEOPT PACKING pc=0x000001806766ace5 sp=0x00000043106fefd0
Event: 20.565 Thread 0x000001807e525a20 DEOPT UNPACKING pc=0x000001806698e23f sp=0x00000043106fe458 mode 0
Event: 20.566 Thread 0x000001807e525a20 DEOPT PACKING pc=0x0000018067664a68 sp=0x00000043106fee10
Event: 20.566 Thread 0x000001807e525a20 DEOPT UNPACKING pc=0x000001806698e23f sp=0x00000043106fe318 mode 0
Event: 20.567 Thread 0x000001807e525a20 DEOPT PACKING pc=0x000001806766ace5 sp=0x00000043106fefd0
Event: 20.567 Thread 0x000001807e525a20 DEOPT UNPACKING pc=0x000001806698e23f sp=0x00000043106fe458 mode 0
Event: 20.568 Thread 0x000001807e525a20 DEOPT PACKING pc=0x0000018067664a68 sp=0x00000043106fee10
Event: 20.568 Thread 0x000001807e525a20 DEOPT UNPACKING pc=0x000001806698e23f sp=0x00000043106fe318 mode 0
Event: 20.568 Thread 0x000001807e525a20 DEOPT PACKING pc=0x000001806766ace5 sp=0x00000043106fefd0
Event: 20.568 Thread 0x000001807e525a20 DEOPT UNPACKING pc=0x000001806698e23f sp=0x00000043106fe458 mode 0
Event: 20.569 Thread 0x000001807e525a20 DEOPT PACKING pc=0x0000018067664a68 sp=0x00000043106fee10
Event: 20.569 Thread 0x000001807e525a20 DEOPT UNPACKING pc=0x000001806698e23f sp=0x00000043106fe318 mode 0
Event: 20.570 Thread 0x000001807e525a20 DEOPT PACKING pc=0x000001806766ace5 sp=0x00000043106fefd0
Event: 20.570 Thread 0x000001807e525a20 DEOPT UNPACKING pc=0x000001806698e23f sp=0x00000043106fe458 mode 0

Classes unloaded (3 events):
Event: 20.037 Thread 0x000001807cfd9f70 Unloading class 0x0000000800bb5440 'java/lang/invoke/LambdaForm$DMH+0x0000000800bb5440'
Event: 20.037 Thread 0x000001807cfd9f70 Unloading class 0x0000000800bb4c40 'java/lang/invoke/LambdaForm$DMH+0x0000000800bb4c40'
Event: 20.037 Thread 0x000001807cfd9f70 Unloading class 0x0000000800bb4440 'java/lang/invoke/LambdaForm$DMH+0x0000000800bb4440'

Classes redefined (0 events):
No events

Internal exceptions (20 events):
Event: 12.943 Thread 0x000001807e3f88b0 Exception <a 'java/io/FileNotFoundException'{0x0000000086da7f00}> (0x0000000086da7f00) 
thrown [./open/src/hotspot/share/prims/jni.cpp, line 578]
Event: 12.945 Thread 0x000001807e3f88b0 Exception <a 'sun/nio/fs/WindowsException'{0x0000000086db2a38}> (0x0000000086db2a38) 
thrown [./open/src/hotspot/share/prims/jni.cpp, line 578]
Event: 14.827 Thread 0x000001807e3f88b0 Exception <a 'java/io/FileNotFoundException'{0x0000000086936448}> (0x0000000086936448) 
thrown [./open/src/hotspot/share/prims/jni.cpp, line 578]
Event: 14.829 Thread 0x000001807e3f88b0 Exception <a 'java/io/FileNotFoundException'{0x000000008693b7f0}> (0x000000008693b7f0) 
thrown [./open/src/hotspot/share/prims/jni.cpp, line 578]
Event: 14.838 Thread 0x000001807e3f88b0 Exception <a 'java/io/FileNotFoundException'{0x000000008695f740}> (0x000000008695f740) 
thrown [./open/src/hotspot/share/prims/jni.cpp, line 578]
Event: 14.840 Thread 0x000001807e3f88b0 Exception <a 'java/io/FileNotFoundException'{0x0000000086964ae0}> (0x0000000086964ae0) 
thrown [./open/src/hotspot/share/prims/jni.cpp, line 578]
Event: 14.843 Thread 0x000001807e3f88b0 Exception <a 'java/io/FileNotFoundException'{0x000000008696ec48}> (0x000000008696ec48) 
thrown [./open/src/hotspot/share/prims/jni.cpp, line 578]
Event: 14.849 Thread 0x000001807e3f88b0 Exception <a 'java/io/FileNotFoundException'{0x0000000086980c60}> (0x0000000086980c60) 
thrown [./open/src/hotspot/share/prims/jni.cpp, line 578]
Event: 14.960 Thread 0x000001807e3f88b0 Exception <a 'java/io/FileNotFoundException'{0x000000008b36ca38}> (0x000000008b36ca38) 
thrown [./open/src/hotspot/share/prims/jni.cpp, line 578]
Event: 14.961 Thread 0x000001807e3f88b0 Exception <a 'java/io/FileNotFoundException'{0x000000008b371d20}> (0x000000008b371d20) 
thrown [./open/src/hotspot/share/prims/jni.cpp, line 578]
Event: 20.105 Thread 0x000001807e525a20 Exception <a 'java/lang/ClassNotFoundException'{0x000000008b3013e0}: sun/awt/resources/spi/awtProvider> (0x000000008b3013e0) 
thrown [./open/src/hotspot/share/classfile/systemDictionary.cpp, line 295]
Event: 20.108 Thread 0x000001807e525a20 Exception <a 'java/io/FileNotFoundException'{0x000000008b3042a0}> (0x000000008b3042a0) 
thrown [./open/src/hotspot/share/prims/jni.cpp, line 578]
Event: 20.108 Thread 0x000001807e525a20 Exception <a 'java/io/FileNotFoundException'{0x000000008b3057b0}> (0x000000008b3057b0) 
thrown [./open/src/hotspot/share/prims/jni.cpp, line 578]
Event: 20.223 Thread 0x000001807e525a20 Exception <a 'sun/nio/fs/WindowsException'{0x000000008b315d38}> (0x000000008b315d38) 
thrown [./open/src/hotspot/share/prims/jni.cpp, line 578]
Event: 20.225 Thread 0x000001807e525a20 Exception <a 'sun/nio/fs/WindowsException'{0x000000008b318c98}> (0x000000008b318c98) 
thrown [./open/src/hotspot/share/prims/jni.cpp, line 578]
Event: 20.227 Thread 0x000001807e525a20 Exception <a 'sun/nio/fs/WindowsException'{0x000000008b31bdb8}> (0x000000008b31bdb8) 
thrown [./open/src/hotspot/share/prims/jni.cpp, line 578]
Event: 20.229 Thread 0x000001807e525a20 Exception <a 'sun/nio/fs/WindowsException'{0x000000008b31f1e8}> (0x000000008b31f1e8) 
thrown [./open/src/hotspot/share/prims/jni.cpp, line 578]
Event: 20.231 Thread 0x000001807e525a20 Exception <a 'sun/nio/fs/WindowsException'{0x000000008b3213e0}> (0x000000008b3213e0) 
thrown [./open/src/hotspot/share/prims/jni.cpp, line 578]
Event: 20.273 Thread 0x000001807e525a20 Exception <a 'java/lang/NoSuchMethodError'{0x000000008b32d128}: 'java.lang.Object java.lang.invoke.DirectMethodHandle$Holder.invokeStaticInit(java.lang.Object, int, int, int, int)'> (0x000000008b32d128) 
thrown [./open/src/hotspot/share/interpreter/linkResolver.cpp, line 782]
Event: 20.387 Thread 0x000001807e525a20 Exception <a 'java/lang/NoSuchMethodError'{0x000000008b3e73f8}: 'java.lang.Object java.lang.invoke.DirectMethodHandle$Holder.invokeStaticInit(java.lang.Object, java.lang.Object, int, int, int, int)'> (0x000000008b3e73f8) 
thrown [./open/src/hotspot/share/interpreter/linkResolver.cpp, line 782]

Events (20 events):
Event: 20.433 loading class com/sun/imageio/plugins/png/ChunkStream done
Event: 20.433 loading class com/sun/imageio/plugins/png/CRC
Event: 20.433 loading class com/sun/imageio/plugins/png/CRC done
Event: 20.435 loading class com/sun/imageio/plugins/png/IDATOutputStream
Event: 20.435 loading class com/sun/imageio/plugins/png/IDATOutputStream done
Event: 20.435 loading class java/util/zip/Deflater
Event: 20.441 loading class java/util/zip/Deflater done
Event: 20.441 loading class java/util/zip/Deflater$DeflaterZStreamRef
Event: 20.441 loading class java/util/zip/Deflater$DeflaterZStreamRef done
Event: 20.537 Thread 0x000001807ff04010 Thread added: 0x000001807ff04010
Event: 20.592 Executing VM operation: G1TryInitiateConcMark
Event: 20.595 Executing VM operation: G1TryInitiateConcMark done
Event: 20.635 Executing VM operation: G1Concurrent
Event: 20.638 Executing VM operation: G1Concurrent done
Event: 20.654 Executing VM operation: G1Concurrent
Event: 20.654 Executing VM operation: G1Concurrent done
Event: 20.780 Loaded shared library C:\Users\oulma\Downloads\openalpr-2.3.0-win-64bit\openalpr_64\openalprjni.dll
Event: 20.854 Thread 0x000001807ff04010 Thread exited: 0x000001807ff04010
Event: 21.655 Executing VM operation: HandshakeAllThreads
Event: 21.655 Executing VM operation: HandshakeAllThreads done


Dynamic libraries:
0x00007ff6a2430000 - 0x00007ff6a243f000 	C:\Program Files\Java\jdk-15.0.2\bin\java.exe
0x00007ff8fe290000 - 0x00007ff8fe485000 	C:\WINDOWS\SYSTEM32\ntdll.dll
0x00007ff8fdfc0000 - 0x00007ff8fe07d000 	C:\WINDOWS\System32\KERNEL32.DLL
0x00007ff8fbd40000 - 0x00007ff8fc008000 	C:\WINDOWS\System32\KERNELBASE.dll
0x00007ff8fc040000 - 0x00007ff8fc140000 	C:\WINDOWS\System32\ucrtbase.dll
0x00007ff8f7500000 - 0x00007ff8f7518000 	C:\Program Files\Java\jdk-15.0.2\bin\jli.dll
0x00007ff8fda70000 - 0x00007ff8fdb1c000 	C:\WINDOWS\System32\ADVAPI32.dll
0x00007ff8fd9c0000 - 0x00007ff8fda5e000 	C:\WINDOWS\System32\msvcrt.dll
0x00007ff8fe080000 - 0x00007ff8fe11b000 	C:\WINDOWS\System32\sechost.dll
0x00007ff8fe120000 - 0x00007ff8fe24b000 	C:\WINDOWS\System32\RPCRT4.dll
0x00007ff8fc780000 - 0x00007ff8fc920000 	C:\WINDOWS\System32\USER32.dll
0x00007ff8fc010000 - 0x00007ff8fc032000 	C:\WINDOWS\System32\win32u.dll
0x00007ff8fc920000 - 0x00007ff8fc94a000 	C:\WINDOWS\System32\GDI32.dll
0x00007ff8fb9d0000 - 0x00007ff8fbadb000 	C:\WINDOWS\System32\gdi32full.dll
0x00007ff8fbb40000 - 0x00007ff8fbbdd000 	C:\WINDOWS\System32\msvcp_win.dll
0x00007ff8ec910000 - 0x00007ff8ec929000 	C:\Program Files\Java\jdk-15.0.2\bin\VCRUNTIME140.dll
0x00007ff8eb3b0000 - 0x00007ff8eb64a000 	C:\WINDOWS\WinSxS\amd64_microsoft.windows.common-controls_6595b64144ccf1df_6.0.19041.844_none_ca00b6081b84eb1d\COMCTL32.dll
0x00007ff8edfe0000 - 0x00007ff8edfea000 	C:\WINDOWS\SYSTEM32\VERSION.dll
0x00007ff8fc660000 - 0x00007ff8fc690000 	C:\WINDOWS\System32\IMM32.DLL
0x00007ff8f74f0000 - 0x00007ff8f74fc000 	C:\Program Files\Java\jdk-15.0.2\bin\vcruntime140_1.dll
0x00007ff8d44c0000 - 0x00007ff8d4551000 	C:\Program Files\Java\jdk-15.0.2\bin\msvcp140.dll
0x00007ff8d3960000 - 0x00007ff8d44be000 	C:\Program Files\Java\jdk-15.0.2\bin\server\jvm.dll
0x00007ff8fda60000 - 0x00007ff8fda68000 	C:\WINDOWS\System32\PSAPI.DLL
0x00007ff8eaed0000 - 0x00007ff8eaed9000 	C:\WINDOWS\SYSTEM32\WSOCK32.dll
0x00007ff8fd130000 - 0x00007ff8fd19b000 	C:\WINDOWS\System32\WS2_32.dll
0x00007ff8edff0000 - 0x00007ff8ee017000 	C:\WINDOWS\SYSTEM32\WINMM.dll
0x00007ff8fa2d0000 - 0x00007ff8fa2e2000 	C:\WINDOWS\SYSTEM32\kernel.appcore.dll
0x00007ff8f74c0000 - 0x00007ff8f74ca000 	C:\Program Files\Java\jdk-15.0.2\bin\jimage.dll
0x00007ff8fa080000 - 0x00007ff8fa264000 	C:\WINDOWS\SYSTEM32\DBGHELP.DLL
0x00007ff8e6df0000 - 0x00007ff8e6e1c000 	C:\WINDOWS\SYSTEM32\dbgcore.DLL
0x00007ff8fc140000 - 0x00007ff8fc1c0000 	C:\WINDOWS\System32\bcryptPrimitives.dll
0x00007ff8e41f0000 - 0x00007ff8e41fe000 	C:\Program Files\Java\jdk-15.0.2\bin\instrument.dll
0x00007ff8d3930000 - 0x00007ff8d3955000 	C:\Program Files\Java\jdk-15.0.2\bin\java.dll
0x00007ff8fd1a0000 - 0x00007ff8fd8e2000 	C:\WINDOWS\System32\SHELL32.dll
0x00007ff8f9820000 - 0x00007ff8f9fb1000 	C:\WINDOWS\SYSTEM32\windows.storage.dll
0x00007ff8fc300000 - 0x00007ff8fc655000 	C:\WINDOWS\System32\combase.dll
0x00007ff8fb440000 - 0x00007ff8fb46c000 	C:\WINDOWS\SYSTEM32\Wldp.dll
0x00007ff8fd8f0000 - 0x00007ff8fd99e000 	C:\WINDOWS\System32\SHCORE.dll
0x00007ff8fd070000 - 0x00007ff8fd0c5000 	C:\WINDOWS\System32\shlwapi.dll
0x00007ff8fb910000 - 0x00007ff8fb92f000 	C:\WINDOWS\SYSTEM32\profapi.dll
0x00007ff8d3910000 - 0x00007ff8d3929000 	C:\Program Files\Java\jdk-15.0.2\bin\net.dll
0x00007ff8ee560000 - 0x00007ff8ee66b000 	C:\WINDOWS\SYSTEM32\WINHTTP.dll
0x00007ff8fb1b0000 - 0x00007ff8fb21a000 	C:\WINDOWS\system32\mswsock.dll
0x00007ff8d38f0000 - 0x00007ff8d3902000 	C:\Program Files\Java\jdk-15.0.2\bin\nio.dll
0x00007ff8d38d0000 - 0x00007ff8d38e8000 	C:\Program Files\Java\jdk-15.0.2\bin\zip.dll
0x00007ff8d3770000 - 0x00007ff8d378a000 	C:\Program Files\JetBrains\IntelliJ IDEA 2020.3.3\bin\breakgen64.dll
0x000001807e560000 - 0x000001807e563000 	C:\Users\oulma\.openjfx\cache\16\api-ms-win-core-console-l1-1-0.dll
0x000001807e570000 - 0x000001807e573000 	C:\Users\oulma\.openjfx\cache\16\api-ms-win-core-console-l1-2-0.dll
0x000001807e580000 - 0x000001807e583000 	C:\Users\oulma\.openjfx\cache\16\api-ms-win-core-datetime-l1-1-0.dll
0x000001807e590000 - 0x000001807e593000 	C:\Users\oulma\.openjfx\cache\16\api-ms-win-core-debug-l1-1-0.dll
0x000001807e5a0000 - 0x000001807e5a3000 	C:\Users\oulma\.openjfx\cache\16\api-ms-win-core-errorhandling-l1-1-0.dll
0x000001807e5b0000 - 0x000001807e5b4000 	C:\Users\oulma\.openjfx\cache\16\api-ms-win-core-file-l1-1-0.dll
0x000001807e5c0000 - 0x000001807e5c3000 	C:\Users\oulma\.openjfx\cache\16\api-ms-win-core-file-l1-2-0.dll
0x000001807e5d0000 - 0x000001807e5d3000 	C:\Users\oulma\.openjfx\cache\16\api-ms-win-core-file-l2-1-0.dll
0x000001807e5e0000 - 0x000001807e5e3000 	C:\Users\oulma\.openjfx\cache\16\api-ms-win-core-handle-l1-1-0.dll
0x000001807e5f0000 - 0x000001807e5f3000 	C:\Users\oulma\.openjfx\cache\16\api-ms-win-core-heap-l1-1-0.dll
0x000001807e600000 - 0x000001807e603000 	C:\Users\oulma\.openjfx\cache\16\api-ms-win-core-interlocked-l1-1-0.dll
0x000001807e610000 - 0x000001807e613000 	C:\Users\oulma\.openjfx\cache\16\api-ms-win-core-libraryloader-l1-1-0.dll
0x000001807e620000 - 0x000001807e623000 	C:\Users\oulma\.openjfx\cache\16\api-ms-win-core-localization-l1-2-0.dll
0x000001807e630000 - 0x000001807e633000 	C:\Users\oulma\.openjfx\cache\16\api-ms-win-core-memory-l1-1-0.dll
0x000001807e640000 - 0x000001807e643000 	C:\Users\oulma\.openjfx\cache\16\api-ms-win-core-namedpipe-l1-1-0.dll
0x000001807e650000 - 0x000001807e653000 	C:\Users\oulma\.openjfx\cache\16\api-ms-win-core-processenvironment-l1-1-0.dll
0x000001807e660000 - 0x000001807e663000 	C:\Users\oulma\.openjfx\cache\16\api-ms-win-core-processthreads-l1-1-0.dll
0x000001807e670000 - 0x000001807e673000 	C:\Users\oulma\.openjfx\cache\16\api-ms-win-core-processthreads-l1-1-1.dll
0x000001807e680000 - 0x000001807e683000 	C:\Users\oulma\.openjfx\cache\16\api-ms-win-core-profile-l1-1-0.dll
0x000001807e690000 - 0x000001807e693000 	C:\Users\oulma\.openjfx\cache\16\api-ms-win-core-rtlsupport-l1-1-0.dll
0x000001807e6a0000 - 0x000001807e6a3000 	C:\Users\oulma\.openjfx\cache\16\api-ms-win-core-string-l1-1-0.dll
0x000001807e6b0000 - 0x000001807e6b3000 	C:\Users\oulma\.openjfx\cache\16\api-ms-win-core-synch-l1-1-0.dll
0x000001807e6c0000 - 0x000001807e6c3000 	C:\Users\oulma\.openjfx\cache\16\api-ms-win-core-synch-l1-2-0.dll
0x000001807e6d0000 - 0x000001807e6d3000 	C:\Users\oulma\.openjfx\cache\16\api-ms-win-core-sysinfo-l1-1-0.dll
0x000001807e6e0000 - 0x000001807e6e3000 	C:\Users\oulma\.openjfx\cache\16\api-ms-win-core-timezone-l1-1-0.dll
0x000001807e6f0000 - 0x000001807e6f3000 	C:\Users\oulma\.openjfx\cache\16\api-ms-win-core-util-l1-1-0.dll
0x000001807e700000 - 0x000001807e703000 	C:\Users\oulma\.openjfx\cache\16\api-ms-win-crt-conio-l1-1-0.dll
0x000001807e710000 - 0x000001807e714000 	C:\Users\oulma\.openjfx\cache\16\api-ms-win-crt-convert-l1-1-0.dll
0x000001807e720000 - 0x000001807e723000 	C:\Users\oulma\.openjfx\cache\16\api-ms-win-crt-environment-l1-1-0.dll
0x000001807e730000 - 0x000001807e733000 	C:\Users\oulma\.openjfx\cache\16\api-ms-win-crt-filesystem-l1-1-0.dll
0x000001807e740000 - 0x000001807e743000 	C:\Users\oulma\.openjfx\cache\16\api-ms-win-crt-heap-l1-1-0.dll
0x000001807e750000 - 0x000001807e753000 	C:\Users\oulma\.openjfx\cache\16\api-ms-win-crt-locale-l1-1-0.dll
0x000001807e760000 - 0x000001807e765000 	C:\Users\oulma\.openjfx\cache\16\api-ms-win-crt-math-l1-1-0.dll
0x000001807e770000 - 0x000001807e775000 	C:\Users\oulma\.openjfx\cache\16\api-ms-win-crt-multibyte-l1-1-0.dll
0x000001807e780000 - 0x000001807e790000 	C:\Users\oulma\.openjfx\cache\16\api-ms-win-crt-private-l1-1-0.dll
0x000001807e790000 - 0x000001807e793000 	C:\Users\oulma\.openjfx\cache\16\api-ms-win-crt-process-l1-1-0.dll
0x000001807e7a0000 - 0x000001807e7a4000 	C:\Users\oulma\.openjfx\cache\16\api-ms-win-crt-runtime-l1-1-0.dll
0x000001807e7b0000 - 0x000001807e7b4000 	C:\Users\oulma\.openjfx\cache\16\api-ms-win-crt-stdio-l1-1-0.dll
0x000001807e7c0000 - 0x000001807e7c4000 	C:\Users\oulma\.openjfx\cache\16\api-ms-win-crt-string-l1-1-0.dll
0x000001807e7d0000 - 0x000001807e7d3000 	C:\Users\oulma\.openjfx\cache\16\api-ms-win-crt-time-l1-1-0.dll
0x000001807e7e0000 - 0x000001807e7e3000 	C:\Users\oulma\.openjfx\cache\16\api-ms-win-crt-utility-l1-1-0.dll
0x00007ff8ba110000 - 0x00007ff8ba20c000 	C:\Users\oulma\.openjfx\cache\16\ucrtbase.dll
0x00007ff8d3730000 - 0x00007ff8d3749000 	C:\Users\oulma\.openjfx\cache\16\vcruntime140.dll
0x00007ff8d3720000 - 0x00007ff8d372c000 	C:\Users\oulma\.openjfx\cache\16\vcruntime140_1.dll
0x00007ff8b79f0000 - 0x00007ff8b7a81000 	C:\Users\oulma\.openjfx\cache\16\msvcp140.dll
0x00007ff8d36f0000 - 0x00007ff8d3717000 	C:\Users\oulma\.openjfx\cache\16\prism_d3d.dll
0x00007ff8b7820000 - 0x00007ff8b79ee000 	C:\WINDOWS\system32\d3d9.dll
0x00007ff8f9380000 - 0x00007ff8f93af000 	C:\WINDOWS\SYSTEM32\dwmapi.dll
0x00007ff8f90e0000 - 0x00007ff8f917e000 	C:\WINDOWS\system32\uxtheme.dll
0x00007ff8b1340000 - 0x00007ff8b387e000 	C:\WINDOWS\SYSTEM32\igdumdim64.dll
0x00007ff8fcb20000 - 0x00007ff8fcbed000 	C:\WINDOWS\System32\OLEAUT32.dll
0x00007ff8fddb0000 - 0x00007ff8fdeda000 	C:\WINDOWS\System32\ole32.dll
0x00007ff8fcbf0000 - 0x00007ff8fd059000 	C:\WINDOWS\System32\SETUPAPI.dll
0x00007ff8fc1c0000 - 0x00007ff8fc20e000 	C:\WINDOWS\System32\cfgmgr32.dll
0x00007ff8fc2c0000 - 0x00007ff8fc2e7000 	C:\WINDOWS\System32\bcrypt.dll
0x00007ff8b77d0000 - 0x00007ff8b7812000 	C:\Users\oulma\.openjfx\cache\16\glass.dll
0x00007ff8fdee0000 - 0x00007ff8fdfba000 	C:\WINDOWS\System32\COMDLG32.dll
0x00007ff8fc950000 - 0x00007ff8fca65000 	C:\WINDOWS\System32\MSCTF.dll
0x00007ff8ef4e0000 - 0x00007ff8eff1f000 	C:\WINDOWS\SYSTEM32\igdusc64.dll
0x00007ff8f1140000 - 0x00007ff8f117b000 	C:\WINDOWS\SYSTEM32\dxcore.dll
0x00007ff8b1190000 - 0x00007ff8b1331000 	C:\Users\oulma\Downloads\openalpr-2.3.0-win-64bit\openalpr_64\opencv_java452.dll
0x00007ff8b7720000 - 0x00007ff8b77c9000 	C:\Users\oulma\Downloads\opencv-4.5.2-dldt-2021.3-vc16-avx2\opencv\build\bin\opencv_ml452.dll
0x00007ff8b6410000 - 0x00007ff8b64df000 	C:\Users\oulma\Downloads\opencv-4.5.2-dldt-2021.3-vc16-avx2\opencv\build\bin\opencv_photo452.dll
0x00007ff8b10d0000 - 0x00007ff8b118a000 	C:\Users\oulma\Downloads\opencv-4.5.2-dldt-2021.3-vc16-avx2\opencv\build\bin\opencv_video452.dll
0x00007ff8b76a0000 - 0x00007ff8b7715000 	C:\Users\oulma\Downloads\opencv-4.5.2-dldt-2021.3-vc16-avx2\opencv\build\bin\opencv_videoio452.dll
0x00007ff8b1010000 - 0x00007ff8b10c7000 	C:\Users\oulma\Downloads\opencv-4.5.2-dldt-2021.3-vc16-avx2\opencv\build\bin\opencv_objdetect452.dll
0x00007ff8b0c60000 - 0x00007ff8b1006000 	C:\Users\oulma\Downloads\opencv-4.5.2-dldt-2021.3-vc16-avx2\opencv\build\bin\opencv_imgcodecs452.dll
0x00007ff8b0690000 - 0x00007ff8b0c51000 	C:\Users\oulma\Downloads\opencv-4.5.2-dldt-2021.3-vc16-avx2\opencv\build\bin\opencv_dnn452.dll
0x00007ff8b03f0000 - 0x00007ff8b0687000 	C:\Users\oulma\Downloads\opencv-4.5.2-dldt-2021.3-vc16-avx2\opencv\build\bin\opencv_calib3d452.dll
0x00007ff8b0310000 - 0x00007ff8b03eb000 	C:\Users\oulma\Downloads\opencv-4.5.2-dldt-2021.3-vc16-avx2\opencv\build\bin\opencv_features2d452.dll
0x00007ff8b6880000 - 0x00007ff8b6906000 	C:\Users\oulma\Downloads\opencv-4.5.2-dldt-2021.3-vc16-avx2\opencv\build\bin\opencv_flann452.dll
0x00007ff8ad0c0000 - 0x00007ff8aeb65000 	C:\Users\oulma\Downloads\opencv-4.5.2-dldt-2021.3-vc16-avx2\opencv\build\bin\opencv_imgproc452.dll
0x00007ff8af350000 - 0x00007ff8b0303000 	C:\Users\oulma\Downloads\opencv-4.5.2-dldt-2021.3-vc16-avx2\opencv\build\bin\opencv_core452.dll
0x00007ff8af290000 - 0x00007ff8af341000 	C:\Users\oulma\Downloads\opencv-4.5.2-dldt-2021.3-vc16-avx2\opencv\build\bin\inference_engine.dll
0x00007ff8acc70000 - 0x00007ff8ad0be000 	C:\Users\oulma\Downloads\opencv-4.5.2-dldt-2021.3-vc16-avx2\opencv\build\bin\ngraph.dll
0x00007ff8af220000 - 0x00007ff8af289000 	C:\Users\oulma\Downloads\opencv-4.5.2-dldt-2021.3-vc16-avx2\opencv\build\bin\tbb.dll
0x00007ff8aca90000 - 0x00007ff8acc6f000 	C:\Users\oulma\Downloads\opencv-4.5.2-dldt-2021.3-vc16-avx2\opencv\build\bin\inference_engine_transformations.dll
0x00007ff8d3640000 - 0x00007ff8d3654000 	C:\Users\oulma\.openjfx\cache\16\javafx_font.dll
0x00007ff8d77f0000 - 0x00007ff8d7a6f000 	C:\WINDOWS\SYSTEM32\dwrite.dll
0x00007ff8fca70000 - 0x00007ff8fcb19000 	C:\WINDOWS\System32\clbcatq.dll
0x00007ff8f4030000 - 0x00007ff8f41e4000 	C:\WINDOWS\SYSTEM32\WindowsCodecs.dll
0x00007ff8f3c00000 - 0x00007ff8f3c3e000 	C:\WINDOWS\system32\dataexchange.dll

dbghelp: loaded successfully - version: 4.0.5 - missing functions: none
symbol engine: initialized successfully - sym options: 0x614 - pdb path: .;C:\Program Files\Java\jdk-15.0.2\bin;C:\WINDOWS\SYSTEM32;C:\WINDOWS\WinSxS\amd64_microsoft.windows.common-controls_6595b64144ccf1df_6.0.19041.844_none_ca00b6081b84eb1d;C:\Program Files\Java\jdk-15.0.2\bin\server;C:\Program Files\JetBrains\IntelliJ IDEA 2020.3.3\bin;C:\Users\oulma\.openjfx\cache\16;C:\Users\oulma\Downloads\openalpr-2.3.0-win-64bit\openalpr_64;C:\Users\oulma\Downloads\opencv-4.5.2-dldt-2021.3-vc16-avx2\opencv\build\bin;C:\Program Files\Common Files\Microsoft Shared\Ink;C:\Program Files (x86)\Common Files\Intel\OpenCL\bin\x64

VM Arguments:
jvm_args: -Djava.library.path=C:\Users\oulma\Downloads\openalpr-2.3.0-win-64bit\openalpr_64 -javaagent:C:\Program Files\JetBrains\IntelliJ IDEA 2020.3.3\lib\idea_rt.jar=49856:C:\Program Files\JetBrains\IntelliJ IDEA 2020.3.3\bin -Dfile.encoding=UTF-8 --module-path=C:\Users\oulma\Desktop\New folder\poo\impl\target\classes;C:\Users\oulma\.m2\repository\org\openjfx\javafx-controls\16\javafx-controls-16.jar;C:\Users\oulma\.m2\repository\org\openjfx\javafx-controls\16\javafx-controls-16-win.jar;C:\Users\oulma\.m2\repository\org\openjfx\javafx-graphics\16\javafx-graphics-16.jar;C:\Users\oulma\.m2\repository\org\openjfx\javafx-graphics\16\javafx-graphics-16-win.jar;C:\Users\oulma\.m2\repository\org\openjfx\javafx-base\16\javafx-base-16.jar;C:\Users\oulma\.m2\repository\org\openjfx\javafx-base\16\javafx-base-16-win.jar;C:\Users\oulma\.m2\repository\org\openjfx\javafx-fxml\16\javafx-fxml-16.jar;C:\Users\oulma\.m2\repository\org\openjfx\javafx-fxml\16\javafx-fxml-16-win.jar;C:\Users\oulma\.m2\repository\org\openjfx\javafx-swing\17-ea+7\javafx-swing-17-ea+7.jar;C:\Users\oulma\.m2\repository\org\openjfx\javafx-swing\17-ea+7\javafx-swing-17-ea+7-win.jar;C:\Users\oulma\.m2\repository\mysql\mysql-connector-java\8.0.22\mysql-connector-java-8.0.22.jar;C:\Users\oulma\.m2\repository\com\google\protobuf\protobuf-java\3.11.4\protobuf-java-3.11.4.jar;C:\Users\oulma\.m2\repository\org\openjfx\javafx-media\16\javafx-media-16.jar;C:\Users\oulma\.m2\repository\org\openjfx\javafx-media\16\javafx-media-16-win.jar;C:\Users\oulma\.m2\repository\org\bytedeco\javacv\1.5.5\javacv-1.5.5.jar;C:\Users\oulma\.m2\repository\org\bytedeco\openblas\0.3.13-1.5.5\openblas-0.3.13-1.5.5.jar;C:\Users\oulma\.m2\repository\org\bytedeco\opencv\4.5.1-1.5.5\opencv-4.5.1-1.5.5.jar;C:\Users\oulma\.m2\repository\org\bytedeco\ffmpeg\4.3.2-1.5.5\ffmpeg-4.3.2-1.5.5.jar;C:\Users\oulma\.m2\repository\org\bytedeco\flycapture\2.13.3.31-1.5.5\flycapture-2.13.3.31-1.5.5.jar;C:\Users\oulma\.m2\repository\org\bytedeco\libdc1394\2.2.6-1.5.5\libdc1394-2.2.6-1.5.5.jar;C:\Users\oulma\.m2\repository\org\bytedeco\libfreenect\0.5.7-1.5.5\libfreenect-0.5.7-1.5.5.jar;C:\Users\oulma\.m2\repository\org\bytedeco\libfreenect2\0.2.0-1.5.5\libfreenect2-0.2.0-1.5.5.jar;C:\Users\oulma\.m2\re-Djdk.module.main=com.ceft.gestionparc.Controller 
java_command: com.ceft.gestionparc.Controller/com.ceft.gestionparc.Controller.App
java_class_path (initial): <not set>
Launcher Type: SUN_STANDARD

[Global flags]
     intx CICompilerCount                          = 3                                         {product} {ergonomic}
     uint ConcGCThreads                            = 1                                         {product} {ergonomic}
     uint G1ConcRefinementThreads                  = 4                                         {product} {ergonomic}
   size_t G1HeapRegionSize                         = 1048576                                   {product} {ergonomic}
    uintx GCDrainStackTargetSize                   = 64                                        {product} {ergonomic}
   size_t InitialHeapSize                          = 132120576                                 {product} {ergonomic}
   size_t MarkStackSize                            = 4194304                                   {product} {ergonomic}
   size_t MaxHeapSize                              = 2090860544                                {product} {ergonomic}
   size_t MaxNewSize                               = 1254096896                                {product} {ergonomic}
   size_t MinHeapDeltaBytes                        = 1048576                                   {product} {ergonomic}
   size_t MinHeapSize                              = 8388608                                   {product} {ergonomic}
    uintx NonNMethodCodeHeapSize                   = 5832780                                {pd product} {ergonomic}
    uintx NonProfiledCodeHeapSize                  = 122912730                              {pd product} {ergonomic}
    uintx ProfiledCodeHeapSize                     = 122912730                              {pd product} {ergonomic}
    uintx ReservedCodeCacheSize                    = 251658240                              {pd product} {ergonomic}
     bool SegmentedCodeCache                       = true                                      {product} {ergonomic}
   size_t SoftMaxHeapSize                          = 2090860544                             {manageable} {ergonomic}
     bool UseCompressedClassPointers               = true                                 {lp64_product} {ergonomic}
     bool UseCompressedOops                        = true                                 {lp64_product} {ergonomic}
     bool UseG1GC                                  = true                                      {product} {ergonomic}
     bool UseLargePagesIndividualAllocation        = false                                  {pd product} {ergonomic}

Logging:
Log output configuration:
 #0: stdout all=warning uptime,level,tags
 #1: stderr all=off uptime,level,tags

Environment Variables:
JAVA_HOME=C:\Program Files\Java\jdk-15.0.2
PATH=C:\Users\oulma\.m2\repository\org\bytedeco\javacpp\1.5.4;C:\Program Files\Python38\Scripts\;C:\Program Files\Python38\;C:\Program Files\Common Files\Oracle\Java\javapath;C:\WINDOWS\system32;C:\WINDOWS;C:\WINDOWS\System32\Wbem;C:\WINDOWS\System32\WindowsPowerShell\v1.0\;C:\WINDOWS\System32\OpenSSH\;C:\Program Files\dotnet\;C:\Program Files\Microsoft SQL Server\130\Tools\Binn\;C:\Program Files\Microsoft SQL Server\Client SDK\ODBC\170\Tools\Binn\;C:\Program Files (x86)\Microsoft SQL Server\150\Tools\Binn\;C:\Program Files\Microsoft SQL Server\150\Tools\Binn\;C:\Program Files\Microsoft SQL Server\150\DTS\Binn\;C:\Program Files (x86)\Microsoft SQL Server\150\DTS\Binn\;C:\Program Files\Git\cmd;C:\apache-maven-3.6.3\bin;C:\Program Files\Java\jdk-15.0.2\bin;C:\openalpr-master\openalpr-master\;C:\Users\oulma\AppData\Local\Programs\Python\Python39;C:\Users\oulma\AppData\Local\Programs\Python\Python39\python.exe;C:\Users\oulma\Downloads\ffmpeg-4.3.2-2021-02-27-full_build\ffmpeg-4.3.2-2021-02-27-full_build\bin;C:\Users\oulma\Downloads\cmake-3.20.0-windows-x86_64\cmake-3.20.0-windows-x86_64\bin;C:\apache-maven-3.6.3\lib;C:\Users\oulma\Downloads\opencv-4.5.2-dldt-2021.3-vc16-avx2\opencv\build\java\x64;C:\Users\oulma\Downloads\opencv-4.5.2-dldt-2021.3-vc16-avx2\opencv\build\bin;C:\Users\oulma\Downloads\javacpp-platform-1.5.5-bin (1)\javacpp-platform-1.5.5-bin\javacpp-windows-x86_64.jar;C:\Users\oulma\Downloads\openalpr-2.3.0-win-64bit\openalpr_64;C:\Users\oulma\Downloads\opencv-4.5.1-dldt-2021.2-vc16-avx2\opencv\build\lib;C:\Users\oulma\Downloads\opencv-4.5.1-dldt-2021.2-vc16-avx2\opencv\build\java\x64;C:\Users\oulma\AppData\Local\Microsoft\WindowsApps;C:\Users\oulma\AppData\Local\Programs\Microsoft VS Code\bin;C:\Program Files\JetBrains\IntelliJ IDEA 2020.3.3\bin;;
USERNAME=oulma
OS=Windows_NT
PROCESSOR_IDENTIFIER=Intel64 Family 6 Model 61 Stepping 4, GenuineIntel



---------------  S Y S T E M  ---------------

OS:
 Windows 10 , 64 bit Build 19041 (10.0.19041.928)
OS uptime: 0 days 0:20 hours

CPU: total 4 (initial active 4) (2 cores per cpu, 2 threads per core) family 6 model 61 stepping 4 microcode 0x2f, cmov, cx8, fxsr, mmx, sse, sse2, sse3, ssse3, sse4.1, sse4.2, popcnt, vzeroupper, avx, avx2, aes, clmul, erms, rtm, 3dnowpref, lzcnt, ht, tsc, tscinvbit, bmi1, bmi2, adx, fma, clflush

Memory: 4k page, system-wide physical 7971M (3761M free)
TotalPageFile size 17315M (AvailPageFile size 12278M)
current process WorkingSet (physical memory assigned to process): 322M, peak: 325M
current process commit charge ("private bytes"): 375M, peak: 378M

vm_info: Java HotSpot(TM) 64-Bit Server VM (15.0.2+7-27) for windows-amd64 JRE (15.0.2+7-27), built on Dec  7 2020 20:07:01 by "mach5one" with unknown MS VC++:1925

END.
